<?xml version="1.0" encoding="UTF-8"?>
<!-- Generated by org.testng.reporters.JUnitXMLReporter -->
<testsuite ignored="0" hostname="DESKTOP-JD55J81" failures="1" tests="5" name="Additional Purchage Test" time="176.368" errors="0" timestamp="2021-09-20T09:58:31 IST">
  <testcase classname="testcases.AdditonalPurchaseTest" name="gaolButton" time="11.611"/>
  <testcase classname="testcases.AdditonalPurchaseTest" name="additinalPurchaseTest" time="43.937">
    <failure type="org.openqa.selenium.ElementClickInterceptedException" message="element click intercepted: Element &amp;lt;md-option ng-repeat=&amp;quot;Objective in ObjectiveList&amp;quot; value=&amp;quot;Equity&amp;quot; tabindex=&amp;quot;0&amp;quot; class=&amp;quot;ng-scope md-ink-ripple&amp;quot; role=&amp;quot;option&amp;quot; aria-selected=&amp;quot;false&amp;quot; id=&amp;quot;select_option_211&amp;quot; style=&amp;quot;&amp;quot;&amp;gt;...&amp;lt;/md-option&amp;gt; is not clickable at point (630, 345). Other element would receive the click: &amp;lt;md-option ng-repeat=&amp;quot;Objective in ObjectiveList&amp;quot; value=&amp;quot;Debt&amp;quot; tabindex=&amp;quot;0&amp;quot; class=&amp;quot;ng-scope md-ink-ripple&amp;quot; aria-selected=&amp;quot;true&amp;quot; role=&amp;quot;option&amp;quot; id=&amp;quot;select_option_210&amp;quot; selected=&amp;quot;selected&amp;quot; style=&amp;quot;&amp;quot;&amp;gt;...&amp;lt;/md-option&amp;gt;
  (Session info: chrome=93.0.4577.82)
Build info: version: &amp;apos;3.141.59&amp;apos;, revision: &amp;apos;e82be7d358&amp;apos;, time: &amp;apos;2018-11-14T08:17:03&amp;apos;
System info: host: &amp;apos;DESKTOP-JD55J81&amp;apos;, ip: &amp;apos;192.168.1.6&amp;apos;, os.name: &amp;apos;Windows 10&amp;apos;, os.arch: &amp;apos;amd64&amp;apos;, os.version: &amp;apos;10.0&amp;apos;, java.version: &amp;apos;15.0.2&amp;apos;
Driver info: org.openqa.selenium.chrome.ChromeDriver
Capabilities {acceptInsecureCerts: false, browserName: chrome, browserVersion: 93.0.4577.82, chrome: {chromedriverVersion: 93.0.4577.63 (ff5c0da2ec0ad..., userDataDir: C:\Users\ANSHUM~1\AppData\L...}, goog:chromeOptions: {debuggerAddress: localhost:56923}, javascriptEnabled: true, networkConnectionEnabled: false, pageLoadStrategy: normal, platform: WINDOWS, platformName: WINDOWS, proxy: Proxy(), setWindowRect: true, strictFileInteractability: false, timeouts: {implicit: 0, pageLoad: 300000, script: 30000}, unhandledPromptBehavior: dismiss and notify, webauthn:extension:credBlob: true, webauthn:extension:largeBlob: true, webauthn:virtualAuthenticators: true}
Session ID: 4142a9c6b02bfe6a39965784cb0745ff">
      <![CDATA[org.openqa.selenium.ElementClickInterceptedException: element click intercepted: Element <md-option ng-repeat="Objective in ObjectiveList" value="Equity" tabindex="0" class="ng-scope md-ink-ripple" role="option" aria-selected="false" id="select_option_211" style="">...</md-option> is not clickable at point (630, 345). Other element would receive the click: <md-option ng-repeat="Objective in ObjectiveList" value="Debt" tabindex="0" class="ng-scope md-ink-ripple" aria-selected="true" role="option" id="select_option_210" selected="selected" style="">...</md-option>
  (Session info: chrome=93.0.4577.82)
Build info: version: '3.141.59', revision: 'e82be7d358', time: '2018-11-14T08:17:03'
System info: host: 'DESKTOP-JD55J81', ip: '192.168.1.6', os.name: 'Windows 10', os.arch: 'amd64', os.version: '10.0', java.version: '15.0.2'
Driver info: org.openqa.selenium.chrome.ChromeDriver
Capabilities {acceptInsecureCerts: false, browserName: chrome, browserVersion: 93.0.4577.82, chrome: {chromedriverVersion: 93.0.4577.63 (ff5c0da2ec0ad..., userDataDir: C:\Users\ANSHUM~1\AppData\L...}, goog:chromeOptions: {debuggerAddress: localhost:56923}, javascriptEnabled: true, networkConnectionEnabled: false, pageLoadStrategy: normal, platform: WINDOWS, platformName: WINDOWS, proxy: Proxy(), setWindowRect: true, strictFileInteractability: false, timeouts: {implicit: 0, pageLoad: 300000, script: 30000}, unhandledPromptBehavior: dismiss and notify, webauthn:extension:credBlob: true, webauthn:extension:largeBlob: true, webauthn:virtualAuthenticators: true}
Session ID: 4142a9c6b02bfe6a39965784cb0745ff
at org.openqa.selenium.remote.http.W3CHttpResponseCodec.createException(W3CHttpResponseCodec.java:187)
at org.openqa.selenium.remote.http.W3CHttpResponseCodec.decode(W3CHttpResponseCodec.java:122)
at org.openqa.selenium.remote.http.W3CHttpResponseCodec.decode(W3CHttpResponseCodec.java:49)
at org.openqa.selenium.remote.HttpCommandExecutor.execute(HttpCommandExecutor.java:158)
at org.openqa.selenium.remote.service.DriverCommandExecutor.execute(DriverCommandExecutor.java:83)
at org.openqa.selenium.remote.RemoteWebDriver.execute(RemoteWebDriver.java:552)
at org.openqa.selenium.remote.RemoteWebElement.execute(RemoteWebElement.java:285)
at org.openqa.selenium.remote.RemoteWebElement.click(RemoteWebElement.java:84)
at pages.AdditionalPurchase.additinalPurchase(AdditionalPurchase.java:43)
at testcases.AdditonalPurchaseTest.additinalPurchaseTest(AdditonalPurchaseTest.java:28)
at java.base/java.util.ArrayList.forEach(ArrayList.java:1511)
... Removed 32 stack frames]]>
    </failure>
  </testcase> <!-- additinalPurchaseTest -->
  <testcase classname="testcases.AdditonalPurchaseTest" name="insuranceTest" time="35.351"/>
  <testcase classname="testcases.AdditonalPurchaseTest" name="liquiLoanTest" time="33.612"/>
  <testcase classname="testcases.AdditonalPurchaseTest" name="pmsTest" time="51.323"/>
</testsuite> <!-- Additional Purchage Test -->
