<?xml version="1.0" encoding="UTF-8"?>
<!-- Generated by org.testng.reporters.JUnitXMLReporter -->
<testsuite ignored="0" hostname="DESKTOP-JD55J81" failures="1" tests="1" name="ClientInvestementTan" time="31.453" errors="0" timestamp="2022-07-30T10:32:52 IST">
  <testcase classname="testcases.ClientInvestementTabTest" name="investmentTab" time="31.3">
    <failure type="org.openqa.selenium.ElementClickInterceptedException" message="element click intercepted: Element &amp;lt;a class=&amp;quot;nav-link&amp;quot; href=&amp;quot;dashboard/allinvestments&amp;quot;&amp;gt;...&amp;lt;/a&amp;gt; is not clickable at point (121, 129). Other element would receive the click: &amp;lt;div class=&amp;quot;md-dialog-container ng-scope&amp;quot; tabindex=&amp;quot;-1&amp;quot; style=&amp;quot;top: 0px; height: 683px;&amp;quot;&amp;gt;...&amp;lt;/div&amp;gt;
  (Session info: chrome=103.0.5060.114)
Build info: version: &amp;apos;4.1.0&amp;apos;, revision: &amp;apos;87802e897b&amp;apos;
System info: host: &amp;apos;DESKTOP-JD55J81&amp;apos;, ip: &amp;apos;172.24.128.1&amp;apos;, os.name: &amp;apos;Windows 10&amp;apos;, os.arch: &amp;apos;amd64&amp;apos;, os.version: &amp;apos;10.0&amp;apos;, java.version: &amp;apos;15.0.2&amp;apos;
Driver info: org.openqa.selenium.chrome.ChromeDriver
Command: [0c6d8305c765c851442d4d1efed74094, clickElement {id=6d45f690-2332-4d10-b847-06b88e88b351}]
Capabilities {acceptInsecureCerts: false, browserName: chrome, browserVersion: 103.0.5060.114, chrome: {chromedriverVersion: 103.0.5060.134 (8ec6fce403b..., userDataDir: C:\Users\ANSHUM~1\AppData\L...}, goog:chromeOptions: {debuggerAddress: localhost:57264}, javascriptEnabled: true, networkConnectionEnabled: false, pageLoadStrategy: normal, platform: WINDOWS, platformName: WINDOWS, proxy: Proxy(), se:cdp: ws://localhost:57264/devtoo..., se:cdpVersion: 103.0.5060.114, setWindowRect: true, strictFileInteractability: false, timeouts: {implicit: 0, pageLoad: 300000, script: 30000}, unhandledPromptBehavior: dismiss and notify, webauthn:extension:credBlob: true, webauthn:extension:largeBlob: true, webauthn:virtualAuthenticators: true}
Element: [[ChromeDriver: chrome on WINDOWS (0c6d8305c765c851442d4d1efed74094)] -&amp;gt; link text: Investments]
Session ID: 0c6d8305c765c851442d4d1efed74094">
      <![CDATA[org.openqa.selenium.ElementClickInterceptedException: element click intercepted: Element <a class="nav-link" href="dashboard/allinvestments">...</a> is not clickable at point (121, 129). Other element would receive the click: <div class="md-dialog-container ng-scope" tabindex="-1" style="top: 0px; height: 683px;">...</div>
  (Session info: chrome=103.0.5060.114)
Build info: version: '4.1.0', revision: '87802e897b'
System info: host: 'DESKTOP-JD55J81', ip: '172.24.128.1', os.name: 'Windows 10', os.arch: 'amd64', os.version: '10.0', java.version: '15.0.2'
Driver info: org.openqa.selenium.chrome.ChromeDriver
Command: [0c6d8305c765c851442d4d1efed74094, clickElement {id=6d45f690-2332-4d10-b847-06b88e88b351}]
Capabilities {acceptInsecureCerts: false, browserName: chrome, browserVersion: 103.0.5060.114, chrome: {chromedriverVersion: 103.0.5060.134 (8ec6fce403b..., userDataDir: C:\Users\ANSHUM~1\AppData\L...}, goog:chromeOptions: {debuggerAddress: localhost:57264}, javascriptEnabled: true, networkConnectionEnabled: false, pageLoadStrategy: normal, platform: WINDOWS, platformName: WINDOWS, proxy: Proxy(), se:cdp: ws://localhost:57264/devtoo..., se:cdpVersion: 103.0.5060.114, setWindowRect: true, strictFileInteractability: false, timeouts: {implicit: 0, pageLoad: 300000, script: 30000}, unhandledPromptBehavior: dismiss and notify, webauthn:extension:credBlob: true, webauthn:extension:largeBlob: true, webauthn:virtualAuthenticators: true}
Element: [[ChromeDriver: chrome on WINDOWS (0c6d8305c765c851442d4d1efed74094)] -> link text: Investments]
Session ID: 0c6d8305c765c851442d4d1efed74094
at org.openqa.selenium.remote.codec.w3c.W3CHttpResponseCodec.createException(W3CHttpResponseCodec.java:200)
at org.openqa.selenium.remote.codec.w3c.W3CHttpResponseCodec.decode(W3CHttpResponseCodec.java:133)
at org.openqa.selenium.remote.codec.w3c.W3CHttpResponseCodec.decode(W3CHttpResponseCodec.java:53)
at org.openqa.selenium.remote.HttpCommandExecutor.execute(HttpCommandExecutor.java:184)
at org.openqa.selenium.remote.service.DriverCommandExecutor.invokeExecute(DriverCommandExecutor.java:164)
at org.openqa.selenium.remote.service.DriverCommandExecutor.execute(DriverCommandExecutor.java:139)
at org.openqa.selenium.remote.RemoteWebDriver.execute(RemoteWebDriver.java:559)
at org.openqa.selenium.remote.RemoteWebElement.execute(RemoteWebElement.java:251)
at org.openqa.selenium.remote.RemoteWebElement.click(RemoteWebElement.java:77)
at pages.ClientInvesmetTab.totalinvestment(ClientInvesmetTab.java:19)
at testcases.ClientInvestementTabTest.investmentTab(ClientInvestementTabTest.java:24)
at java.base/java.util.ArrayList.forEach(ArrayList.java:1511)
... Removed 32 stack frames]]>
    </failure>
  </testcase> <!-- investmentTab -->
</testsuite> <!-- ClientInvestementTan -->
