<?xml version="1.0" encoding="UTF-8"?>
<!-- Generated by org.testng.reporters.JUnitXMLReporter -->
<testsuite ignored="0" hostname="DESKTOP-JD55J81" failures="11" tests="13" name="DashBorad Test" time="281.741" errors="0" timestamp="2022-07-13T18:32:08 IST">
  <testcase classname="testcases.DashboardTest" name="allMemAndAllMFTest" time="20.283">
    <failure type="org.openqa.selenium.ElementClickInterceptedException" message="Element &amp;lt;i class=&amp;quot;material-icons&amp;quot;&amp;gt; is not clickable at point (1523,758) because another element &amp;lt;div class=&amp;quot;md-dialog-container ng-scope&amp;quot;&amp;gt; obscures it
Build info: version: &amp;apos;4.1.0&amp;apos;, revision: &amp;apos;87802e897b&amp;apos;
System info: host: &amp;apos;DESKTOP-JD55J81&amp;apos;, ip: &amp;apos;192.168.1.35&amp;apos;, os.name: &amp;apos;Windows 10&amp;apos;, os.arch: &amp;apos;amd64&amp;apos;, os.version: &amp;apos;10.0&amp;apos;, java.version: &amp;apos;15.0.2&amp;apos;
Driver info: org.openqa.selenium.firefox.FirefoxDriver
Command: [03cfb98c-5026-4265-9cf5-64976cfe2c3b, clickElement {id=62d8655d-95fe-46c7-bd7a-f80963895b20}]
Capabilities {acceptInsecureCerts: true, browserName: firefox, browserVersion: 101.0.1, javascriptEnabled: true, moz:accessibilityChecks: false, moz:buildID: 20220608170832, moz:debuggerAddress: localhost:56209, moz:geckodriverVersion: 0.31.0, moz:headless: false, moz:processID: 16728, moz:profile: C:\Users\ANSHUM~1\AppData\L..., moz:shutdownTimeout: 60000, moz:useNonSpecCompliantPointerOrigin: false, moz:webdriverClick: true, pageLoadStrategy: normal, platform: WINDOWS, platformName: WINDOWS, platformVersion: 10.0, proxy: Proxy(), se:cdp: ws://localhost:56209/devtoo..., se:cdpVersion: 85, setWindowRect: true, strictFileInteractability: false, timeouts: {implicit: 0, pageLoad: 300000, script: 30000}, unhandledPromptBehavior: dismiss and notify}
Element: [[FirefoxDriver: firefox on WINDOWS (03cfb98c-5026-4265-9cf5-64976cfe2c3b)] -&amp;gt; xpath: //tbody/tr[1]/td[8]/a[1]/i[1]]
Session ID: 03cfb98c-5026-4265-9cf5-64976cfe2c3b">
      <![CDATA[org.openqa.selenium.ElementClickInterceptedException: Element <i class="material-icons"> is not clickable at point (1523,758) because another element <div class="md-dialog-container ng-scope"> obscures it
Build info: version: '4.1.0', revision: '87802e897b'
System info: host: 'DESKTOP-JD55J81', ip: '192.168.1.35', os.name: 'Windows 10', os.arch: 'amd64', os.version: '10.0', java.version: '15.0.2'
Driver info: org.openqa.selenium.firefox.FirefoxDriver
Command: [03cfb98c-5026-4265-9cf5-64976cfe2c3b, clickElement {id=62d8655d-95fe-46c7-bd7a-f80963895b20}]
Capabilities {acceptInsecureCerts: true, browserName: firefox, browserVersion: 101.0.1, javascriptEnabled: true, moz:accessibilityChecks: false, moz:buildID: 20220608170832, moz:debuggerAddress: localhost:56209, moz:geckodriverVersion: 0.31.0, moz:headless: false, moz:processID: 16728, moz:profile: C:\Users\ANSHUM~1\AppData\L..., moz:shutdownTimeout: 60000, moz:useNonSpecCompliantPointerOrigin: false, moz:webdriverClick: true, pageLoadStrategy: normal, platform: WINDOWS, platformName: WINDOWS, platformVersion: 10.0, proxy: Proxy(), se:cdp: ws://localhost:56209/devtoo..., se:cdpVersion: 85, setWindowRect: true, strictFileInteractability: false, timeouts: {implicit: 0, pageLoad: 300000, script: 30000}, unhandledPromptBehavior: dismiss and notify}
Element: [[FirefoxDriver: firefox on WINDOWS (03cfb98c-5026-4265-9cf5-64976cfe2c3b)] -> xpath: //tbody/tr[1]/td[8]/a[1]/i[1]]
Session ID: 03cfb98c-5026-4265-9cf5-64976cfe2c3b
at org.openqa.selenium.remote.codec.w3c.W3CHttpResponseCodec.createException(W3CHttpResponseCodec.java:200)
at org.openqa.selenium.remote.codec.w3c.W3CHttpResponseCodec.decode(W3CHttpResponseCodec.java:133)
at org.openqa.selenium.remote.codec.w3c.W3CHttpResponseCodec.decode(W3CHttpResponseCodec.java:53)
at org.openqa.selenium.remote.HttpCommandExecutor.execute(HttpCommandExecutor.java:184)
at org.openqa.selenium.remote.service.DriverCommandExecutor.invokeExecute(DriverCommandExecutor.java:164)
at org.openqa.selenium.remote.service.DriverCommandExecutor.execute(DriverCommandExecutor.java:139)
at org.openqa.selenium.remote.RemoteWebDriver.execute(RemoteWebDriver.java:559)
at org.openqa.selenium.remote.RemoteWebElement.execute(RemoteWebElement.java:251)
at org.openqa.selenium.remote.RemoteWebElement.click(RemoteWebElement.java:77)
at pages.DashBoard.additionalPurchaseBtn(DashBoard.java:36)
at testcases.DashboardTest.allMemAndAllMFTest(DashboardTest.java:20)
at java.base/java.util.ArrayList.forEach(ArrayList.java:1511)
... Removed 32 stack frames]]>
    </failure>
  </testcase> <!-- allMemAndAllMFTest -->
  <testcase classname="testcases.DashboardTest" name="allMemAndActiveMFTest" time="162.413"/>
  <testcase classname="testcases.DashboardTest" name="mfInvestmentDetails" time="44.601"/>
  <testcase classname="testcases.DashboardTest" name="ulipTest" time="10.783">
    <failure type="org.openqa.selenium.ElementClickInterceptedException" message="Element &amp;lt;i class=&amp;quot;material-icons&amp;quot;&amp;gt; is not clickable at point (1523,733) because another element &amp;lt;div class=&amp;quot;md-dialog-container ng-scope&amp;quot;&amp;gt; obscures it
Build info: version: &amp;apos;4.1.0&amp;apos;, revision: &amp;apos;87802e897b&amp;apos;
System info: host: &amp;apos;DESKTOP-JD55J81&amp;apos;, ip: &amp;apos;192.168.1.35&amp;apos;, os.name: &amp;apos;Windows 10&amp;apos;, os.arch: &amp;apos;amd64&amp;apos;, os.version: &amp;apos;10.0&amp;apos;, java.version: &amp;apos;15.0.2&amp;apos;
Driver info: org.openqa.selenium.firefox.FirefoxDriver
Command: [03cfb98c-5026-4265-9cf5-64976cfe2c3b, clickElement {id=cdf3f184-142c-4442-aea0-9a847fd06504}]
Capabilities {acceptInsecureCerts: true, browserName: firefox, browserVersion: 101.0.1, javascriptEnabled: true, moz:accessibilityChecks: false, moz:buildID: 20220608170832, moz:debuggerAddress: localhost:56209, moz:geckodriverVersion: 0.31.0, moz:headless: false, moz:processID: 16728, moz:profile: C:\Users\ANSHUM~1\AppData\L..., moz:shutdownTimeout: 60000, moz:useNonSpecCompliantPointerOrigin: false, moz:webdriverClick: true, pageLoadStrategy: normal, platform: WINDOWS, platformName: WINDOWS, platformVersion: 10.0, proxy: Proxy(), se:cdp: ws://localhost:56209/devtoo..., se:cdpVersion: 85, setWindowRect: true, strictFileInteractability: false, timeouts: {implicit: 0, pageLoad: 300000, script: 30000}, unhandledPromptBehavior: dismiss and notify}
Element: [[FirefoxDriver: firefox on WINDOWS (03cfb98c-5026-4265-9cf5-64976cfe2c3b)] -&amp;gt; xpath: /html[1]/body[1]/div[1]/div[1]/div[2]/div[1]/div[1]/div[1]/div[4]/div[1]/md-tabs[1]/md-tabs-content-wrapper[1]/md-tab-content[2]/div[1]/md-content[1]/table[1]/tbody[1]/tr[3]/td[1]/table[1]/tbody[1]/tr[1]/td[10]/a[1]/i[1]]
Session ID: 03cfb98c-5026-4265-9cf5-64976cfe2c3b">
      <![CDATA[org.openqa.selenium.ElementClickInterceptedException: Element <i class="material-icons"> is not clickable at point (1523,733) because another element <div class="md-dialog-container ng-scope"> obscures it
Build info: version: '4.1.0', revision: '87802e897b'
System info: host: 'DESKTOP-JD55J81', ip: '192.168.1.35', os.name: 'Windows 10', os.arch: 'amd64', os.version: '10.0', java.version: '15.0.2'
Driver info: org.openqa.selenium.firefox.FirefoxDriver
Command: [03cfb98c-5026-4265-9cf5-64976cfe2c3b, clickElement {id=cdf3f184-142c-4442-aea0-9a847fd06504}]
Capabilities {acceptInsecureCerts: true, browserName: firefox, browserVersion: 101.0.1, javascriptEnabled: true, moz:accessibilityChecks: false, moz:buildID: 20220608170832, moz:debuggerAddress: localhost:56209, moz:geckodriverVersion: 0.31.0, moz:headless: false, moz:processID: 16728, moz:profile: C:\Users\ANSHUM~1\AppData\L..., moz:shutdownTimeout: 60000, moz:useNonSpecCompliantPointerOrigin: false, moz:webdriverClick: true, pageLoadStrategy: normal, platform: WINDOWS, platformName: WINDOWS, platformVersion: 10.0, proxy: Proxy(), se:cdp: ws://localhost:56209/devtoo..., se:cdpVersion: 85, setWindowRect: true, strictFileInteractability: false, timeouts: {implicit: 0, pageLoad: 300000, script: 30000}, unhandledPromptBehavior: dismiss and notify}
Element: [[FirefoxDriver: firefox on WINDOWS (03cfb98c-5026-4265-9cf5-64976cfe2c3b)] -> xpath: /html[1]/body[1]/div[1]/div[1]/div[2]/div[1]/div[1]/div[1]/div[4]/div[1]/md-tabs[1]/md-tabs-content-wrapper[1]/md-tab-content[2]/div[1]/md-content[1]/table[1]/tbody[1]/tr[3]/td[1]/table[1]/tbody[1]/tr[1]/td[10]/a[1]/i[1]]
Session ID: 03cfb98c-5026-4265-9cf5-64976cfe2c3b
at org.openqa.selenium.remote.codec.w3c.W3CHttpResponseCodec.createException(W3CHttpResponseCodec.java:200)
at org.openqa.selenium.remote.codec.w3c.W3CHttpResponseCodec.decode(W3CHttpResponseCodec.java:133)
at org.openqa.selenium.remote.codec.w3c.W3CHttpResponseCodec.decode(W3CHttpResponseCodec.java:53)
at org.openqa.selenium.remote.HttpCommandExecutor.execute(HttpCommandExecutor.java:184)
at org.openqa.selenium.remote.service.DriverCommandExecutor.invokeExecute(DriverCommandExecutor.java:164)
at org.openqa.selenium.remote.service.DriverCommandExecutor.execute(DriverCommandExecutor.java:139)
at org.openqa.selenium.remote.RemoteWebDriver.execute(RemoteWebDriver.java:559)
at org.openqa.selenium.remote.RemoteWebElement.execute(RemoteWebElement.java:251)
at org.openqa.selenium.remote.RemoteWebElement.click(RemoteWebElement.java:77)
at pages.DashBoard.ulip(DashBoard.java:371)
at testcases.DashboardTest.ulipTest(DashboardTest.java:70)
at java.base/java.util.ArrayList.forEach(ArrayList.java:1511)
... Removed 32 stack frames]]>
    </failure>
  </testcase> <!-- ulipTest -->
  <testcase classname="testcases.DashboardTest" name="otherInsuranceTest" time="0.033">
    <failure type="org.openqa.selenium.ElementClickInterceptedException" message="Element &amp;lt;span class=&amp;quot;ng-binding ng-scope&amp;quot;&amp;gt; is not clickable at point (581,517) because another element &amp;lt;div class=&amp;quot;md-dialog-container ng-scope&amp;quot;&amp;gt; obscures it
Build info: version: &amp;apos;4.1.0&amp;apos;, revision: &amp;apos;87802e897b&amp;apos;
System info: host: &amp;apos;DESKTOP-JD55J81&amp;apos;, ip: &amp;apos;192.168.1.35&amp;apos;, os.name: &amp;apos;Windows 10&amp;apos;, os.arch: &amp;apos;amd64&amp;apos;, os.version: &amp;apos;10.0&amp;apos;, java.version: &amp;apos;15.0.2&amp;apos;
Driver info: org.openqa.selenium.firefox.FirefoxDriver
Command: [03cfb98c-5026-4265-9cf5-64976cfe2c3b, clickElement {id=622ed73a-ff20-49da-bd8b-7f2fd5d8a486}]
Capabilities {acceptInsecureCerts: true, browserName: firefox, browserVersion: 101.0.1, javascriptEnabled: true, moz:accessibilityChecks: false, moz:buildID: 20220608170832, moz:debuggerAddress: localhost:56209, moz:geckodriverVersion: 0.31.0, moz:headless: false, moz:processID: 16728, moz:profile: C:\Users\ANSHUM~1\AppData\L..., moz:shutdownTimeout: 60000, moz:useNonSpecCompliantPointerOrigin: false, moz:webdriverClick: true, pageLoadStrategy: normal, platform: WINDOWS, platformName: WINDOWS, platformVersion: 10.0, proxy: Proxy(), se:cdp: ws://localhost:56209/devtoo..., se:cdpVersion: 85, setWindowRect: true, strictFileInteractability: false, timeouts: {implicit: 0, pageLoad: 300000, script: 30000}, unhandledPromptBehavior: dismiss and notify}
Element: [[FirefoxDriver: firefox on WINDOWS (03cfb98c-5026-4265-9cf5-64976cfe2c3b)] -&amp;gt; xpath: /html[1]/body[1]/div[1]/div[1]/div[2]/div[1]/div[1]/div[1]/div[4]/div[1]/md-tabs[1]/md-tabs-wrapper[1]/md-tabs-canvas[1]/md-pagination-wrapper[1]/md-tab-item[3]/span[1]]
Session ID: 03cfb98c-5026-4265-9cf5-64976cfe2c3b">
      <![CDATA[org.openqa.selenium.ElementClickInterceptedException: Element <span class="ng-binding ng-scope"> is not clickable at point (581,517) because another element <div class="md-dialog-container ng-scope"> obscures it
Build info: version: '4.1.0', revision: '87802e897b'
System info: host: 'DESKTOP-JD55J81', ip: '192.168.1.35', os.name: 'Windows 10', os.arch: 'amd64', os.version: '10.0', java.version: '15.0.2'
Driver info: org.openqa.selenium.firefox.FirefoxDriver
Command: [03cfb98c-5026-4265-9cf5-64976cfe2c3b, clickElement {id=622ed73a-ff20-49da-bd8b-7f2fd5d8a486}]
Capabilities {acceptInsecureCerts: true, browserName: firefox, browserVersion: 101.0.1, javascriptEnabled: true, moz:accessibilityChecks: false, moz:buildID: 20220608170832, moz:debuggerAddress: localhost:56209, moz:geckodriverVersion: 0.31.0, moz:headless: false, moz:processID: 16728, moz:profile: C:\Users\ANSHUM~1\AppData\L..., moz:shutdownTimeout: 60000, moz:useNonSpecCompliantPointerOrigin: false, moz:webdriverClick: true, pageLoadStrategy: normal, platform: WINDOWS, platformName: WINDOWS, platformVersion: 10.0, proxy: Proxy(), se:cdp: ws://localhost:56209/devtoo..., se:cdpVersion: 85, setWindowRect: true, strictFileInteractability: false, timeouts: {implicit: 0, pageLoad: 300000, script: 30000}, unhandledPromptBehavior: dismiss and notify}
Element: [[FirefoxDriver: firefox on WINDOWS (03cfb98c-5026-4265-9cf5-64976cfe2c3b)] -> xpath: /html[1]/body[1]/div[1]/div[1]/div[2]/div[1]/div[1]/div[1]/div[4]/div[1]/md-tabs[1]/md-tabs-wrapper[1]/md-tabs-canvas[1]/md-pagination-wrapper[1]/md-tab-item[3]/span[1]]
Session ID: 03cfb98c-5026-4265-9cf5-64976cfe2c3b
at org.openqa.selenium.remote.codec.w3c.W3CHttpResponseCodec.createException(W3CHttpResponseCodec.java:200)
at org.openqa.selenium.remote.codec.w3c.W3CHttpResponseCodec.decode(W3CHttpResponseCodec.java:133)
at org.openqa.selenium.remote.codec.w3c.W3CHttpResponseCodec.decode(W3CHttpResponseCodec.java:53)
at org.openqa.selenium.remote.HttpCommandExecutor.execute(HttpCommandExecutor.java:184)
at org.openqa.selenium.remote.service.DriverCommandExecutor.invokeExecute(DriverCommandExecutor.java:164)
at org.openqa.selenium.remote.service.DriverCommandExecutor.execute(DriverCommandExecutor.java:139)
at org.openqa.selenium.remote.RemoteWebDriver.execute(RemoteWebDriver.java:559)
at org.openqa.selenium.remote.RemoteWebElement.execute(RemoteWebElement.java:251)
at org.openqa.selenium.remote.RemoteWebElement.click(RemoteWebElement.java:77)
at pages.DashBoard.otherInsurance(DashBoard.java:401)
at testcases.DashboardTest.otherInsuranceTest(DashboardTest.java:77)
at java.base/java.util.ArrayList.forEach(ArrayList.java:1511)
... Removed 32 stack frames]]>
    </failure>
  </testcase> <!-- otherInsuranceTest -->
  <testcase classname="testcases.DashboardTest" name="liquiloanTest" time="0.037">
    <failure type="org.openqa.selenium.ElementClickInterceptedException" message="Element &amp;lt;span class=&amp;quot;ng-binding ng-scope&amp;quot;&amp;gt; is not clickable at point (726,517) because another element &amp;lt;div class=&amp;quot;md-dialog-container ng-scope&amp;quot;&amp;gt; obscures it
Build info: version: &amp;apos;4.1.0&amp;apos;, revision: &amp;apos;87802e897b&amp;apos;
System info: host: &amp;apos;DESKTOP-JD55J81&amp;apos;, ip: &amp;apos;192.168.1.35&amp;apos;, os.name: &amp;apos;Windows 10&amp;apos;, os.arch: &amp;apos;amd64&amp;apos;, os.version: &amp;apos;10.0&amp;apos;, java.version: &amp;apos;15.0.2&amp;apos;
Driver info: org.openqa.selenium.firefox.FirefoxDriver
Command: [03cfb98c-5026-4265-9cf5-64976cfe2c3b, clickElement {id=b35359be-44d8-42f5-8dc2-ed81057eee61}]
Capabilities {acceptInsecureCerts: true, browserName: firefox, browserVersion: 101.0.1, javascriptEnabled: true, moz:accessibilityChecks: false, moz:buildID: 20220608170832, moz:debuggerAddress: localhost:56209, moz:geckodriverVersion: 0.31.0, moz:headless: false, moz:processID: 16728, moz:profile: C:\Users\ANSHUM~1\AppData\L..., moz:shutdownTimeout: 60000, moz:useNonSpecCompliantPointerOrigin: false, moz:webdriverClick: true, pageLoadStrategy: normal, platform: WINDOWS, platformName: WINDOWS, platformVersion: 10.0, proxy: Proxy(), se:cdp: ws://localhost:56209/devtoo..., se:cdpVersion: 85, setWindowRect: true, strictFileInteractability: false, timeouts: {implicit: 0, pageLoad: 300000, script: 30000}, unhandledPromptBehavior: dismiss and notify}
Element: [[FirefoxDriver: firefox on WINDOWS (03cfb98c-5026-4265-9cf5-64976cfe2c3b)] -&amp;gt; xpath: /html[1]/body[1]/div[1]/div[1]/div[2]/div[1]/div[1]/div[1]/div[4]/div[1]/md-tabs[1]/md-tabs-wrapper[1]/md-tabs-canvas[1]/md-pagination-wrapper[1]/md-tab-item[4]/span[1]]
Session ID: 03cfb98c-5026-4265-9cf5-64976cfe2c3b">
      <![CDATA[org.openqa.selenium.ElementClickInterceptedException: Element <span class="ng-binding ng-scope"> is not clickable at point (726,517) because another element <div class="md-dialog-container ng-scope"> obscures it
Build info: version: '4.1.0', revision: '87802e897b'
System info: host: 'DESKTOP-JD55J81', ip: '192.168.1.35', os.name: 'Windows 10', os.arch: 'amd64', os.version: '10.0', java.version: '15.0.2'
Driver info: org.openqa.selenium.firefox.FirefoxDriver
Command: [03cfb98c-5026-4265-9cf5-64976cfe2c3b, clickElement {id=b35359be-44d8-42f5-8dc2-ed81057eee61}]
Capabilities {acceptInsecureCerts: true, browserName: firefox, browserVersion: 101.0.1, javascriptEnabled: true, moz:accessibilityChecks: false, moz:buildID: 20220608170832, moz:debuggerAddress: localhost:56209, moz:geckodriverVersion: 0.31.0, moz:headless: false, moz:processID: 16728, moz:profile: C:\Users\ANSHUM~1\AppData\L..., moz:shutdownTimeout: 60000, moz:useNonSpecCompliantPointerOrigin: false, moz:webdriverClick: true, pageLoadStrategy: normal, platform: WINDOWS, platformName: WINDOWS, platformVersion: 10.0, proxy: Proxy(), se:cdp: ws://localhost:56209/devtoo..., se:cdpVersion: 85, setWindowRect: true, strictFileInteractability: false, timeouts: {implicit: 0, pageLoad: 300000, script: 30000}, unhandledPromptBehavior: dismiss and notify}
Element: [[FirefoxDriver: firefox on WINDOWS (03cfb98c-5026-4265-9cf5-64976cfe2c3b)] -> xpath: /html[1]/body[1]/div[1]/div[1]/div[2]/div[1]/div[1]/div[1]/div[4]/div[1]/md-tabs[1]/md-tabs-wrapper[1]/md-tabs-canvas[1]/md-pagination-wrapper[1]/md-tab-item[4]/span[1]]
Session ID: 03cfb98c-5026-4265-9cf5-64976cfe2c3b
at org.openqa.selenium.remote.codec.w3c.W3CHttpResponseCodec.createException(W3CHttpResponseCodec.java:200)
at org.openqa.selenium.remote.codec.w3c.W3CHttpResponseCodec.decode(W3CHttpResponseCodec.java:133)
at org.openqa.selenium.remote.codec.w3c.W3CHttpResponseCodec.decode(W3CHttpResponseCodec.java:53)
at org.openqa.selenium.remote.HttpCommandExecutor.execute(HttpCommandExecutor.java:184)
at org.openqa.selenium.remote.service.DriverCommandExecutor.invokeExecute(DriverCommandExecutor.java:164)
at org.openqa.selenium.remote.service.DriverCommandExecutor.execute(DriverCommandExecutor.java:139)
at org.openqa.selenium.remote.RemoteWebDriver.execute(RemoteWebDriver.java:559)
at org.openqa.selenium.remote.RemoteWebElement.execute(RemoteWebElement.java:251)
at org.openqa.selenium.remote.RemoteWebElement.click(RemoteWebElement.java:77)
at pages.DashBoard.liquiLoan(DashBoard.java:427)
at testcases.DashboardTest.liquiloanTest(DashboardTest.java:84)
at java.base/java.util.ArrayList.forEach(ArrayList.java:1511)
... Removed 32 stack frames]]>
    </failure>
  </testcase> <!-- liquiloanTest -->
  <testcase classname="testcases.DashboardTest" name="pmsTest" time="22.162">
    <failure type="org.openqa.selenium.NoSuchElementException" message="Unable to locate element: //body/div[5]/md-dialog[1]/md-dialog-actions[1]/button[1]
For documentation on this error, please visit: https://selenium.dev/exceptions/#no_such_element
Build info: version: &amp;apos;4.1.0&amp;apos;, revision: &amp;apos;87802e897b&amp;apos;
System info: host: &amp;apos;DESKTOP-JD55J81&amp;apos;, ip: &amp;apos;192.168.1.35&amp;apos;, os.name: &amp;apos;Windows 10&amp;apos;, os.arch: &amp;apos;amd64&amp;apos;, os.version: &amp;apos;10.0&amp;apos;, java.version: &amp;apos;15.0.2&amp;apos;
Driver info: org.openqa.selenium.firefox.FirefoxDriver
Command: [03cfb98c-5026-4265-9cf5-64976cfe2c3b, findElement {using=xpath, value=//body/div[5]/md-dialog[1]/md-dialog-actions[1]/button[1]}]
Capabilities {acceptInsecureCerts: true, browserName: firefox, browserVersion: 101.0.1, javascriptEnabled: true, moz:accessibilityChecks: false, moz:buildID: 20220608170832, moz:debuggerAddress: localhost:56209, moz:geckodriverVersion: 0.31.0, moz:headless: false, moz:processID: 16728, moz:profile: C:\Users\ANSHUM~1\AppData\L..., moz:shutdownTimeout: 60000, moz:useNonSpecCompliantPointerOrigin: false, moz:webdriverClick: true, pageLoadStrategy: normal, platform: WINDOWS, platformName: WINDOWS, platformVersion: 10.0, proxy: Proxy(), se:cdp: ws://localhost:56209/devtoo..., se:cdpVersion: 85, setWindowRect: true, strictFileInteractability: false, timeouts: {implicit: 0, pageLoad: 300000, script: 30000}, unhandledPromptBehavior: dismiss and notify}
Session ID: 03cfb98c-5026-4265-9cf5-64976cfe2c3b">
      <![CDATA[org.openqa.selenium.NoSuchElementException: Unable to locate element: //body/div[5]/md-dialog[1]/md-dialog-actions[1]/button[1]
For documentation on this error, please visit: https://selenium.dev/exceptions/#no_such_element
Build info: version: '4.1.0', revision: '87802e897b'
System info: host: 'DESKTOP-JD55J81', ip: '192.168.1.35', os.name: 'Windows 10', os.arch: 'amd64', os.version: '10.0', java.version: '15.0.2'
Driver info: org.openqa.selenium.firefox.FirefoxDriver
Command: [03cfb98c-5026-4265-9cf5-64976cfe2c3b, findElement {using=xpath, value=//body/div[5]/md-dialog[1]/md-dialog-actions[1]/button[1]}]
Capabilities {acceptInsecureCerts: true, browserName: firefox, browserVersion: 101.0.1, javascriptEnabled: true, moz:accessibilityChecks: false, moz:buildID: 20220608170832, moz:debuggerAddress: localhost:56209, moz:geckodriverVersion: 0.31.0, moz:headless: false, moz:processID: 16728, moz:profile: C:\Users\ANSHUM~1\AppData\L..., moz:shutdownTimeout: 60000, moz:useNonSpecCompliantPointerOrigin: false, moz:webdriverClick: true, pageLoadStrategy: normal, platform: WINDOWS, platformName: WINDOWS, platformVersion: 10.0, proxy: Proxy(), se:cdp: ws://localhost:56209/devtoo..., se:cdpVersion: 85, setWindowRect: true, strictFileInteractability: false, timeouts: {implicit: 0, pageLoad: 300000, script: 30000}, unhandledPromptBehavior: dismiss and notify}
Session ID: 03cfb98c-5026-4265-9cf5-64976cfe2c3b
at org.openqa.selenium.remote.codec.w3c.W3CHttpResponseCodec.createException(W3CHttpResponseCodec.java:200)
at org.openqa.selenium.remote.codec.w3c.W3CHttpResponseCodec.decode(W3CHttpResponseCodec.java:133)
at org.openqa.selenium.remote.codec.w3c.W3CHttpResponseCodec.decode(W3CHttpResponseCodec.java:53)
at org.openqa.selenium.remote.HttpCommandExecutor.execute(HttpCommandExecutor.java:184)
at org.openqa.selenium.remote.service.DriverCommandExecutor.invokeExecute(DriverCommandExecutor.java:164)
at org.openqa.selenium.remote.service.DriverCommandExecutor.execute(DriverCommandExecutor.java:139)
at org.openqa.selenium.remote.RemoteWebDriver.execute(RemoteWebDriver.java:559)
at org.openqa.selenium.remote.ElementLocation$ElementFinder$2.findElement(ElementLocation.java:162)
at org.openqa.selenium.remote.ElementLocation.findElement(ElementLocation.java:60)
at org.openqa.selenium.remote.RemoteWebDriver.findElement(RemoteWebDriver.java:383)
at org.openqa.selenium.remote.RemoteWebDriver.findElement(RemoteWebDriver.java:375)
at pages.DashBoard.pms(DashBoard.java:477)
at testcases.DashboardTest.pmsTest(DashboardTest.java:91)
at java.base/java.util.ArrayList.forEach(ArrayList.java:1511)
... Removed 32 stack frames]]>
    </failure>
  </testcase> <!-- pmsTest -->
  <testcase classname="testcases.DashboardTest" name="protectionTest" time="0.013">
    <failure type="org.openqa.selenium.ElementClickInterceptedException" message="Element &amp;lt;span class=&amp;quot;ng-binding ng-scope&amp;quot;&amp;gt; is not clickable at point (929,282) because another element &amp;lt;div class=&amp;quot;md-toolbar-tools&amp;quot;&amp;gt; obscures it
Build info: version: &amp;apos;4.1.0&amp;apos;, revision: &amp;apos;87802e897b&amp;apos;
System info: host: &amp;apos;DESKTOP-JD55J81&amp;apos;, ip: &amp;apos;192.168.1.35&amp;apos;, os.name: &amp;apos;Windows 10&amp;apos;, os.arch: &amp;apos;amd64&amp;apos;, os.version: &amp;apos;10.0&amp;apos;, java.version: &amp;apos;15.0.2&amp;apos;
Driver info: org.openqa.selenium.firefox.FirefoxDriver
Command: [03cfb98c-5026-4265-9cf5-64976cfe2c3b, clickElement {id=36882235-dc5c-48c3-98aa-e537c9267f76}]
Capabilities {acceptInsecureCerts: true, browserName: firefox, browserVersion: 101.0.1, javascriptEnabled: true, moz:accessibilityChecks: false, moz:buildID: 20220608170832, moz:debuggerAddress: localhost:56209, moz:geckodriverVersion: 0.31.0, moz:headless: false, moz:processID: 16728, moz:profile: C:\Users\ANSHUM~1\AppData\L..., moz:shutdownTimeout: 60000, moz:useNonSpecCompliantPointerOrigin: false, moz:webdriverClick: true, pageLoadStrategy: normal, platform: WINDOWS, platformName: WINDOWS, platformVersion: 10.0, proxy: Proxy(), se:cdp: ws://localhost:56209/devtoo..., se:cdpVersion: 85, setWindowRect: true, strictFileInteractability: false, timeouts: {implicit: 0, pageLoad: 300000, script: 30000}, unhandledPromptBehavior: dismiss and notify}
Element: [[FirefoxDriver: firefox on WINDOWS (03cfb98c-5026-4265-9cf5-64976cfe2c3b)] -&amp;gt; xpath: /html[1]/body[1]/div[1]/div[1]/div[2]/div[1]/div[1]/div[1]/div[4]/div[1]/md-tabs[1]/md-tabs-wrapper[1]/md-tabs-canvas[1]/md-pagination-wrapper[1]/md-tab-item[6]/span[1]]
Session ID: 03cfb98c-5026-4265-9cf5-64976cfe2c3b">
      <![CDATA[org.openqa.selenium.ElementClickInterceptedException: Element <span class="ng-binding ng-scope"> is not clickable at point (929,282) because another element <div class="md-toolbar-tools"> obscures it
Build info: version: '4.1.0', revision: '87802e897b'
System info: host: 'DESKTOP-JD55J81', ip: '192.168.1.35', os.name: 'Windows 10', os.arch: 'amd64', os.version: '10.0', java.version: '15.0.2'
Driver info: org.openqa.selenium.firefox.FirefoxDriver
Command: [03cfb98c-5026-4265-9cf5-64976cfe2c3b, clickElement {id=36882235-dc5c-48c3-98aa-e537c9267f76}]
Capabilities {acceptInsecureCerts: true, browserName: firefox, browserVersion: 101.0.1, javascriptEnabled: true, moz:accessibilityChecks: false, moz:buildID: 20220608170832, moz:debuggerAddress: localhost:56209, moz:geckodriverVersion: 0.31.0, moz:headless: false, moz:processID: 16728, moz:profile: C:\Users\ANSHUM~1\AppData\L..., moz:shutdownTimeout: 60000, moz:useNonSpecCompliantPointerOrigin: false, moz:webdriverClick: true, pageLoadStrategy: normal, platform: WINDOWS, platformName: WINDOWS, platformVersion: 10.0, proxy: Proxy(), se:cdp: ws://localhost:56209/devtoo..., se:cdpVersion: 85, setWindowRect: true, strictFileInteractability: false, timeouts: {implicit: 0, pageLoad: 300000, script: 30000}, unhandledPromptBehavior: dismiss and notify}
Element: [[FirefoxDriver: firefox on WINDOWS (03cfb98c-5026-4265-9cf5-64976cfe2c3b)] -> xpath: /html[1]/body[1]/div[1]/div[1]/div[2]/div[1]/div[1]/div[1]/div[4]/div[1]/md-tabs[1]/md-tabs-wrapper[1]/md-tabs-canvas[1]/md-pagination-wrapper[1]/md-tab-item[6]/span[1]]
Session ID: 03cfb98c-5026-4265-9cf5-64976cfe2c3b
at org.openqa.selenium.remote.codec.w3c.W3CHttpResponseCodec.createException(W3CHttpResponseCodec.java:200)
at org.openqa.selenium.remote.codec.w3c.W3CHttpResponseCodec.decode(W3CHttpResponseCodec.java:133)
at org.openqa.selenium.remote.codec.w3c.W3CHttpResponseCodec.decode(W3CHttpResponseCodec.java:53)
at org.openqa.selenium.remote.HttpCommandExecutor.execute(HttpCommandExecutor.java:184)
at org.openqa.selenium.remote.service.DriverCommandExecutor.invokeExecute(DriverCommandExecutor.java:164)
at org.openqa.selenium.remote.service.DriverCommandExecutor.execute(DriverCommandExecutor.java:139)
at org.openqa.selenium.remote.RemoteWebDriver.execute(RemoteWebDriver.java:559)
at org.openqa.selenium.remote.RemoteWebElement.execute(RemoteWebElement.java:251)
at org.openqa.selenium.remote.RemoteWebElement.click(RemoteWebElement.java:77)
at pages.DashBoard.protection(DashBoard.java:484)
at testcases.DashboardTest.protectionTest(DashboardTest.java:98)
at java.base/java.util.ArrayList.forEach(ArrayList.java:1511)
... Removed 32 stack frames]]>
    </failure>
  </testcase> <!-- protectionTest -->
  <testcase classname="testcases.DashboardTest" name="memberwiseMFTest" time="8.017">
    <failure type="org.openqa.selenium.ElementNotInteractableException" message="Element &amp;lt;span&amp;gt; could not be scrolled into view
Build info: version: &amp;apos;4.1.0&amp;apos;, revision: &amp;apos;87802e897b&amp;apos;
System info: host: &amp;apos;DESKTOP-JD55J81&amp;apos;, ip: &amp;apos;192.168.1.35&amp;apos;, os.name: &amp;apos;Windows 10&amp;apos;, os.arch: &amp;apos;amd64&amp;apos;, os.version: &amp;apos;10.0&amp;apos;, java.version: &amp;apos;15.0.2&amp;apos;
Driver info: org.openqa.selenium.firefox.FirefoxDriver
Command: [03cfb98c-5026-4265-9cf5-64976cfe2c3b, clickElement {id=032ba16c-6630-4efa-94e5-d9cfe9560509}]
Capabilities {acceptInsecureCerts: true, browserName: firefox, browserVersion: 101.0.1, javascriptEnabled: true, moz:accessibilityChecks: false, moz:buildID: 20220608170832, moz:debuggerAddress: localhost:56209, moz:geckodriverVersion: 0.31.0, moz:headless: false, moz:processID: 16728, moz:profile: C:\Users\ANSHUM~1\AppData\L..., moz:shutdownTimeout: 60000, moz:useNonSpecCompliantPointerOrigin: false, moz:webdriverClick: true, pageLoadStrategy: normal, platform: WINDOWS, platformName: WINDOWS, platformVersion: 10.0, proxy: Proxy(), se:cdp: ws://localhost:56209/devtoo..., se:cdpVersion: 85, setWindowRect: true, strictFileInteractability: false, timeouts: {implicit: 0, pageLoad: 300000, script: 30000}, unhandledPromptBehavior: dismiss and notify}
Element: [[FirefoxDriver: firefox on WINDOWS (03cfb98c-5026-4265-9cf5-64976cfe2c3b)] -&amp;gt; xpath: //body[1]/div[1]/div[1]/div[2]/div[1]/div[1]/div[1]/div[1]/div[1]/md-input-container[1]/md-select[1]/md-select-value[1]/span[1]]
Session ID: 03cfb98c-5026-4265-9cf5-64976cfe2c3b">
      <![CDATA[org.openqa.selenium.ElementNotInteractableException: Element <span> could not be scrolled into view
Build info: version: '4.1.0', revision: '87802e897b'
System info: host: 'DESKTOP-JD55J81', ip: '192.168.1.35', os.name: 'Windows 10', os.arch: 'amd64', os.version: '10.0', java.version: '15.0.2'
Driver info: org.openqa.selenium.firefox.FirefoxDriver
Command: [03cfb98c-5026-4265-9cf5-64976cfe2c3b, clickElement {id=032ba16c-6630-4efa-94e5-d9cfe9560509}]
Capabilities {acceptInsecureCerts: true, browserName: firefox, browserVersion: 101.0.1, javascriptEnabled: true, moz:accessibilityChecks: false, moz:buildID: 20220608170832, moz:debuggerAddress: localhost:56209, moz:geckodriverVersion: 0.31.0, moz:headless: false, moz:processID: 16728, moz:profile: C:\Users\ANSHUM~1\AppData\L..., moz:shutdownTimeout: 60000, moz:useNonSpecCompliantPointerOrigin: false, moz:webdriverClick: true, pageLoadStrategy: normal, platform: WINDOWS, platformName: WINDOWS, platformVersion: 10.0, proxy: Proxy(), se:cdp: ws://localhost:56209/devtoo..., se:cdpVersion: 85, setWindowRect: true, strictFileInteractability: false, timeouts: {implicit: 0, pageLoad: 300000, script: 30000}, unhandledPromptBehavior: dismiss and notify}
Element: [[FirefoxDriver: firefox on WINDOWS (03cfb98c-5026-4265-9cf5-64976cfe2c3b)] -> xpath: //body[1]/div[1]/div[1]/div[2]/div[1]/div[1]/div[1]/div[1]/div[1]/md-input-container[1]/md-select[1]/md-select-value[1]/span[1]]
Session ID: 03cfb98c-5026-4265-9cf5-64976cfe2c3b
at org.openqa.selenium.remote.codec.w3c.W3CHttpResponseCodec.createException(W3CHttpResponseCodec.java:200)
at org.openqa.selenium.remote.codec.w3c.W3CHttpResponseCodec.decode(W3CHttpResponseCodec.java:133)
at org.openqa.selenium.remote.codec.w3c.W3CHttpResponseCodec.decode(W3CHttpResponseCodec.java:53)
at org.openqa.selenium.remote.HttpCommandExecutor.execute(HttpCommandExecutor.java:184)
at org.openqa.selenium.remote.service.DriverCommandExecutor.invokeExecute(DriverCommandExecutor.java:164)
at org.openqa.selenium.remote.service.DriverCommandExecutor.execute(DriverCommandExecutor.java:139)
at org.openqa.selenium.remote.RemoteWebDriver.execute(RemoteWebDriver.java:559)
at org.openqa.selenium.remote.RemoteWebElement.execute(RemoteWebElement.java:251)
at org.openqa.selenium.remote.RemoteWebElement.click(RemoteWebElement.java:77)
at pages.DashBoard.memberwiseBtn(DashBoard.java:514)
at testcases.DashboardTest.memberwiseMFTest(DashboardTest.java:105)
at java.base/java.util.ArrayList.forEach(ArrayList.java:1511)
... Removed 32 stack frames]]>
    </failure>
  </testcase> <!-- memberwiseMFTest -->
  <testcase classname="testcases.DashboardTest" name="memberUlipTest" time="5.023">
    <failure type="org.openqa.selenium.ElementClickInterceptedException" message="Element &amp;lt;span class=&amp;quot;ng-binding ng-scope&amp;quot;&amp;gt; is not clickable at point (456,282) because another element &amp;lt;div class=&amp;quot;md-dialog-container ng-scope&amp;quot;&amp;gt; obscures it
Build info: version: &amp;apos;4.1.0&amp;apos;, revision: &amp;apos;87802e897b&amp;apos;
System info: host: &amp;apos;DESKTOP-JD55J81&amp;apos;, ip: &amp;apos;192.168.1.35&amp;apos;, os.name: &amp;apos;Windows 10&amp;apos;, os.arch: &amp;apos;amd64&amp;apos;, os.version: &amp;apos;10.0&amp;apos;, java.version: &amp;apos;15.0.2&amp;apos;
Driver info: org.openqa.selenium.firefox.FirefoxDriver
Command: [03cfb98c-5026-4265-9cf5-64976cfe2c3b, clickElement {id=2aa836ba-c6b2-4567-93ba-cd4b339dbfd3}]
Capabilities {acceptInsecureCerts: true, browserName: firefox, browserVersion: 101.0.1, javascriptEnabled: true, moz:accessibilityChecks: false, moz:buildID: 20220608170832, moz:debuggerAddress: localhost:56209, moz:geckodriverVersion: 0.31.0, moz:headless: false, moz:processID: 16728, moz:profile: C:\Users\ANSHUM~1\AppData\L..., moz:shutdownTimeout: 60000, moz:useNonSpecCompliantPointerOrigin: false, moz:webdriverClick: true, pageLoadStrategy: normal, platform: WINDOWS, platformName: WINDOWS, platformVersion: 10.0, proxy: Proxy(), se:cdp: ws://localhost:56209/devtoo..., se:cdpVersion: 85, setWindowRect: true, strictFileInteractability: false, timeouts: {implicit: 0, pageLoad: 300000, script: 30000}, unhandledPromptBehavior: dismiss and notify}
Element: [[FirefoxDriver: firefox on WINDOWS (03cfb98c-5026-4265-9cf5-64976cfe2c3b)] -&amp;gt; xpath: /html[1]/body[1]/div[1]/div[1]/div[2]/div[1]/div[1]/div[1]/div[4]/div[1]/md-tabs[1]/md-tabs-wrapper[1]/md-tabs-canvas[1]/md-pagination-wrapper[1]/md-tab-item[2]/span[1]]
Session ID: 03cfb98c-5026-4265-9cf5-64976cfe2c3b">
      <![CDATA[org.openqa.selenium.ElementClickInterceptedException: Element <span class="ng-binding ng-scope"> is not clickable at point (456,282) because another element <div class="md-dialog-container ng-scope"> obscures it
Build info: version: '4.1.0', revision: '87802e897b'
System info: host: 'DESKTOP-JD55J81', ip: '192.168.1.35', os.name: 'Windows 10', os.arch: 'amd64', os.version: '10.0', java.version: '15.0.2'
Driver info: org.openqa.selenium.firefox.FirefoxDriver
Command: [03cfb98c-5026-4265-9cf5-64976cfe2c3b, clickElement {id=2aa836ba-c6b2-4567-93ba-cd4b339dbfd3}]
Capabilities {acceptInsecureCerts: true, browserName: firefox, browserVersion: 101.0.1, javascriptEnabled: true, moz:accessibilityChecks: false, moz:buildID: 20220608170832, moz:debuggerAddress: localhost:56209, moz:geckodriverVersion: 0.31.0, moz:headless: false, moz:processID: 16728, moz:profile: C:\Users\ANSHUM~1\AppData\L..., moz:shutdownTimeout: 60000, moz:useNonSpecCompliantPointerOrigin: false, moz:webdriverClick: true, pageLoadStrategy: normal, platform: WINDOWS, platformName: WINDOWS, platformVersion: 10.0, proxy: Proxy(), se:cdp: ws://localhost:56209/devtoo..., se:cdpVersion: 85, setWindowRect: true, strictFileInteractability: false, timeouts: {implicit: 0, pageLoad: 300000, script: 30000}, unhandledPromptBehavior: dismiss and notify}
Element: [[FirefoxDriver: firefox on WINDOWS (03cfb98c-5026-4265-9cf5-64976cfe2c3b)] -> xpath: /html[1]/body[1]/div[1]/div[1]/div[2]/div[1]/div[1]/div[1]/div[4]/div[1]/md-tabs[1]/md-tabs-wrapper[1]/md-tabs-canvas[1]/md-pagination-wrapper[1]/md-tab-item[2]/span[1]]
Session ID: 03cfb98c-5026-4265-9cf5-64976cfe2c3b
at org.openqa.selenium.remote.codec.w3c.W3CHttpResponseCodec.createException(W3CHttpResponseCodec.java:200)
at org.openqa.selenium.remote.codec.w3c.W3CHttpResponseCodec.decode(W3CHttpResponseCodec.java:133)
at org.openqa.selenium.remote.codec.w3c.W3CHttpResponseCodec.decode(W3CHttpResponseCodec.java:53)
at org.openqa.selenium.remote.HttpCommandExecutor.execute(HttpCommandExecutor.java:184)
at org.openqa.selenium.remote.service.DriverCommandExecutor.invokeExecute(DriverCommandExecutor.java:164)
at org.openqa.selenium.remote.service.DriverCommandExecutor.execute(DriverCommandExecutor.java:139)
at org.openqa.selenium.remote.RemoteWebDriver.execute(RemoteWebDriver.java:559)
at org.openqa.selenium.remote.RemoteWebElement.execute(RemoteWebElement.java:251)
at org.openqa.selenium.remote.RemoteWebElement.click(RemoteWebElement.java:77)
at pages.DashBoard.ulip(DashBoard.java:362)
at testcases.DashboardTest.memberUlipTest(DashboardTest.java:132)
at java.base/java.util.ArrayList.forEach(ArrayList.java:1511)
... Removed 32 stack frames]]>
    </failure>
  </testcase> <!-- memberUlipTest -->
  <testcase classname="testcases.DashboardTest" name="memberOtherInsuranceTest" time="0.014">
    <failure type="org.openqa.selenium.ElementClickInterceptedException" message="Element &amp;lt;span class=&amp;quot;ng-binding ng-scope&amp;quot;&amp;gt; is not clickable at point (581,282) because another element &amp;lt;div class=&amp;quot;md-dialog-container ng-scope&amp;quot;&amp;gt; obscures it
Build info: version: &amp;apos;4.1.0&amp;apos;, revision: &amp;apos;87802e897b&amp;apos;
System info: host: &amp;apos;DESKTOP-JD55J81&amp;apos;, ip: &amp;apos;192.168.1.35&amp;apos;, os.name: &amp;apos;Windows 10&amp;apos;, os.arch: &amp;apos;amd64&amp;apos;, os.version: &amp;apos;10.0&amp;apos;, java.version: &amp;apos;15.0.2&amp;apos;
Driver info: org.openqa.selenium.firefox.FirefoxDriver
Command: [03cfb98c-5026-4265-9cf5-64976cfe2c3b, clickElement {id=622ed73a-ff20-49da-bd8b-7f2fd5d8a486}]
Capabilities {acceptInsecureCerts: true, browserName: firefox, browserVersion: 101.0.1, javascriptEnabled: true, moz:accessibilityChecks: false, moz:buildID: 20220608170832, moz:debuggerAddress: localhost:56209, moz:geckodriverVersion: 0.31.0, moz:headless: false, moz:processID: 16728, moz:profile: C:\Users\ANSHUM~1\AppData\L..., moz:shutdownTimeout: 60000, moz:useNonSpecCompliantPointerOrigin: false, moz:webdriverClick: true, pageLoadStrategy: normal, platform: WINDOWS, platformName: WINDOWS, platformVersion: 10.0, proxy: Proxy(), se:cdp: ws://localhost:56209/devtoo..., se:cdpVersion: 85, setWindowRect: true, strictFileInteractability: false, timeouts: {implicit: 0, pageLoad: 300000, script: 30000}, unhandledPromptBehavior: dismiss and notify}
Element: [[FirefoxDriver: firefox on WINDOWS (03cfb98c-5026-4265-9cf5-64976cfe2c3b)] -&amp;gt; xpath: /html[1]/body[1]/div[1]/div[1]/div[2]/div[1]/div[1]/div[1]/div[4]/div[1]/md-tabs[1]/md-tabs-wrapper[1]/md-tabs-canvas[1]/md-pagination-wrapper[1]/md-tab-item[3]/span[1]]
Session ID: 03cfb98c-5026-4265-9cf5-64976cfe2c3b">
      <![CDATA[org.openqa.selenium.ElementClickInterceptedException: Element <span class="ng-binding ng-scope"> is not clickable at point (581,282) because another element <div class="md-dialog-container ng-scope"> obscures it
Build info: version: '4.1.0', revision: '87802e897b'
System info: host: 'DESKTOP-JD55J81', ip: '192.168.1.35', os.name: 'Windows 10', os.arch: 'amd64', os.version: '10.0', java.version: '15.0.2'
Driver info: org.openqa.selenium.firefox.FirefoxDriver
Command: [03cfb98c-5026-4265-9cf5-64976cfe2c3b, clickElement {id=622ed73a-ff20-49da-bd8b-7f2fd5d8a486}]
Capabilities {acceptInsecureCerts: true, browserName: firefox, browserVersion: 101.0.1, javascriptEnabled: true, moz:accessibilityChecks: false, moz:buildID: 20220608170832, moz:debuggerAddress: localhost:56209, moz:geckodriverVersion: 0.31.0, moz:headless: false, moz:processID: 16728, moz:profile: C:\Users\ANSHUM~1\AppData\L..., moz:shutdownTimeout: 60000, moz:useNonSpecCompliantPointerOrigin: false, moz:webdriverClick: true, pageLoadStrategy: normal, platform: WINDOWS, platformName: WINDOWS, platformVersion: 10.0, proxy: Proxy(), se:cdp: ws://localhost:56209/devtoo..., se:cdpVersion: 85, setWindowRect: true, strictFileInteractability: false, timeouts: {implicit: 0, pageLoad: 300000, script: 30000}, unhandledPromptBehavior: dismiss and notify}
Element: [[FirefoxDriver: firefox on WINDOWS (03cfb98c-5026-4265-9cf5-64976cfe2c3b)] -> xpath: /html[1]/body[1]/div[1]/div[1]/div[2]/div[1]/div[1]/div[1]/div[4]/div[1]/md-tabs[1]/md-tabs-wrapper[1]/md-tabs-canvas[1]/md-pagination-wrapper[1]/md-tab-item[3]/span[1]]
Session ID: 03cfb98c-5026-4265-9cf5-64976cfe2c3b
at org.openqa.selenium.remote.codec.w3c.W3CHttpResponseCodec.createException(W3CHttpResponseCodec.java:200)
at org.openqa.selenium.remote.codec.w3c.W3CHttpResponseCodec.decode(W3CHttpResponseCodec.java:133)
at org.openqa.selenium.remote.codec.w3c.W3CHttpResponseCodec.decode(W3CHttpResponseCodec.java:53)
at org.openqa.selenium.remote.HttpCommandExecutor.execute(HttpCommandExecutor.java:184)
at org.openqa.selenium.remote.service.DriverCommandExecutor.invokeExecute(DriverCommandExecutor.java:164)
at org.openqa.selenium.remote.service.DriverCommandExecutor.execute(DriverCommandExecutor.java:139)
at org.openqa.selenium.remote.RemoteWebDriver.execute(RemoteWebDriver.java:559)
at org.openqa.selenium.remote.RemoteWebElement.execute(RemoteWebElement.java:251)
at org.openqa.selenium.remote.RemoteWebElement.click(RemoteWebElement.java:77)
at pages.DashBoard.otherInsurance(DashBoard.java:401)
at testcases.DashboardTest.memberOtherInsuranceTest(DashboardTest.java:139)
at java.base/java.util.ArrayList.forEach(ArrayList.java:1511)
... Removed 32 stack frames]]>
    </failure>
  </testcase> <!-- memberOtherInsuranceTest -->
  <testcase classname="testcases.DashboardTest" name="memberProtectionTest" time="0.017">
    <failure type="org.openqa.selenium.ElementClickInterceptedException" message="Element &amp;lt;span class=&amp;quot;ng-binding ng-scope&amp;quot;&amp;gt; is not clickable at point (929,282) because another element &amp;lt;div class=&amp;quot;md-toolbar-tools&amp;quot;&amp;gt; obscures it
Build info: version: &amp;apos;4.1.0&amp;apos;, revision: &amp;apos;87802e897b&amp;apos;
System info: host: &amp;apos;DESKTOP-JD55J81&amp;apos;, ip: &amp;apos;192.168.1.35&amp;apos;, os.name: &amp;apos;Windows 10&amp;apos;, os.arch: &amp;apos;amd64&amp;apos;, os.version: &amp;apos;10.0&amp;apos;, java.version: &amp;apos;15.0.2&amp;apos;
Driver info: org.openqa.selenium.firefox.FirefoxDriver
Command: [03cfb98c-5026-4265-9cf5-64976cfe2c3b, clickElement {id=36882235-dc5c-48c3-98aa-e537c9267f76}]
Capabilities {acceptInsecureCerts: true, browserName: firefox, browserVersion: 101.0.1, javascriptEnabled: true, moz:accessibilityChecks: false, moz:buildID: 20220608170832, moz:debuggerAddress: localhost:56209, moz:geckodriverVersion: 0.31.0, moz:headless: false, moz:processID: 16728, moz:profile: C:\Users\ANSHUM~1\AppData\L..., moz:shutdownTimeout: 60000, moz:useNonSpecCompliantPointerOrigin: false, moz:webdriverClick: true, pageLoadStrategy: normal, platform: WINDOWS, platformName: WINDOWS, platformVersion: 10.0, proxy: Proxy(), se:cdp: ws://localhost:56209/devtoo..., se:cdpVersion: 85, setWindowRect: true, strictFileInteractability: false, timeouts: {implicit: 0, pageLoad: 300000, script: 30000}, unhandledPromptBehavior: dismiss and notify}
Element: [[FirefoxDriver: firefox on WINDOWS (03cfb98c-5026-4265-9cf5-64976cfe2c3b)] -&amp;gt; xpath: /html[1]/body[1]/div[1]/div[1]/div[2]/div[1]/div[1]/div[1]/div[4]/div[1]/md-tabs[1]/md-tabs-wrapper[1]/md-tabs-canvas[1]/md-pagination-wrapper[1]/md-tab-item[6]/span[1]]
Session ID: 03cfb98c-5026-4265-9cf5-64976cfe2c3b">
      <![CDATA[org.openqa.selenium.ElementClickInterceptedException: Element <span class="ng-binding ng-scope"> is not clickable at point (929,282) because another element <div class="md-toolbar-tools"> obscures it
Build info: version: '4.1.0', revision: '87802e897b'
System info: host: 'DESKTOP-JD55J81', ip: '192.168.1.35', os.name: 'Windows 10', os.arch: 'amd64', os.version: '10.0', java.version: '15.0.2'
Driver info: org.openqa.selenium.firefox.FirefoxDriver
Command: [03cfb98c-5026-4265-9cf5-64976cfe2c3b, clickElement {id=36882235-dc5c-48c3-98aa-e537c9267f76}]
Capabilities {acceptInsecureCerts: true, browserName: firefox, browserVersion: 101.0.1, javascriptEnabled: true, moz:accessibilityChecks: false, moz:buildID: 20220608170832, moz:debuggerAddress: localhost:56209, moz:geckodriverVersion: 0.31.0, moz:headless: false, moz:processID: 16728, moz:profile: C:\Users\ANSHUM~1\AppData\L..., moz:shutdownTimeout: 60000, moz:useNonSpecCompliantPointerOrigin: false, moz:webdriverClick: true, pageLoadStrategy: normal, platform: WINDOWS, platformName: WINDOWS, platformVersion: 10.0, proxy: Proxy(), se:cdp: ws://localhost:56209/devtoo..., se:cdpVersion: 85, setWindowRect: true, strictFileInteractability: false, timeouts: {implicit: 0, pageLoad: 300000, script: 30000}, unhandledPromptBehavior: dismiss and notify}
Element: [[FirefoxDriver: firefox on WINDOWS (03cfb98c-5026-4265-9cf5-64976cfe2c3b)] -> xpath: /html[1]/body[1]/div[1]/div[1]/div[2]/div[1]/div[1]/div[1]/div[4]/div[1]/md-tabs[1]/md-tabs-wrapper[1]/md-tabs-canvas[1]/md-pagination-wrapper[1]/md-tab-item[6]/span[1]]
Session ID: 03cfb98c-5026-4265-9cf5-64976cfe2c3b
at org.openqa.selenium.remote.codec.w3c.W3CHttpResponseCodec.createException(W3CHttpResponseCodec.java:200)
at org.openqa.selenium.remote.codec.w3c.W3CHttpResponseCodec.decode(W3CHttpResponseCodec.java:133)
at org.openqa.selenium.remote.codec.w3c.W3CHttpResponseCodec.decode(W3CHttpResponseCodec.java:53)
at org.openqa.selenium.remote.HttpCommandExecutor.execute(HttpCommandExecutor.java:184)
at org.openqa.selenium.remote.service.DriverCommandExecutor.invokeExecute(DriverCommandExecutor.java:164)
at org.openqa.selenium.remote.service.DriverCommandExecutor.execute(DriverCommandExecutor.java:139)
at org.openqa.selenium.remote.RemoteWebDriver.execute(RemoteWebDriver.java:559)
at org.openqa.selenium.remote.RemoteWebElement.execute(RemoteWebElement.java:251)
at org.openqa.selenium.remote.RemoteWebElement.click(RemoteWebElement.java:77)
at pages.DashBoard.protection(DashBoard.java:484)
at testcases.DashboardTest.memberProtectionTest(DashboardTest.java:158)
at java.base/java.util.ArrayList.forEach(ArrayList.java:1511)
... Removed 32 stack frames]]>
    </failure>
  </testcase> <!-- memberProtectionTest -->
  <testcase classname="testcases.DashboardTest" name="goalWiseInvestmentTest" time="6.588">
    <failure type="org.openqa.selenium.ElementClickInterceptedException" message="Element &amp;lt;span class=&amp;quot;ng-scope&amp;quot;&amp;gt; is not clickable at point (1517,268) because another element &amp;lt;div class=&amp;quot;md-dialog-container ng-scope&amp;quot;&amp;gt; obscures it
Build info: version: &amp;apos;4.1.0&amp;apos;, revision: &amp;apos;87802e897b&amp;apos;
System info: host: &amp;apos;DESKTOP-JD55J81&amp;apos;, ip: &amp;apos;192.168.1.35&amp;apos;, os.name: &amp;apos;Windows 10&amp;apos;, os.arch: &amp;apos;amd64&amp;apos;, os.version: &amp;apos;10.0&amp;apos;, java.version: &amp;apos;15.0.2&amp;apos;
Driver info: org.openqa.selenium.firefox.FirefoxDriver
Command: [03cfb98c-5026-4265-9cf5-64976cfe2c3b, clickElement {id=a889fe34-ce11-4dab-9061-a02ae10c4362}]
Capabilities {acceptInsecureCerts: true, browserName: firefox, browserVersion: 101.0.1, javascriptEnabled: true, moz:accessibilityChecks: false, moz:buildID: 20220608170832, moz:debuggerAddress: localhost:56209, moz:geckodriverVersion: 0.31.0, moz:headless: false, moz:processID: 16728, moz:profile: C:\Users\ANSHUM~1\AppData\L..., moz:shutdownTimeout: 60000, moz:useNonSpecCompliantPointerOrigin: false, moz:webdriverClick: true, pageLoadStrategy: normal, platform: WINDOWS, platformName: WINDOWS, platformVersion: 10.0, proxy: Proxy(), se:cdp: ws://localhost:56209/devtoo..., se:cdpVersion: 85, setWindowRect: true, strictFileInteractability: false, timeouts: {implicit: 0, pageLoad: 300000, script: 30000}, unhandledPromptBehavior: dismiss and notify}
Element: [[FirefoxDriver: firefox on WINDOWS (03cfb98c-5026-4265-9cf5-64976cfe2c3b)] -&amp;gt; xpath: /html[1]/body[1]/div[1]/div[1]/div[2]/div[1]/div[1]/div[1]/div[2]/div[1]/table[1]/tbody[1]/tr[1]/td[7]/a[1]/span[1]]
Session ID: 03cfb98c-5026-4265-9cf5-64976cfe2c3b">
      <![CDATA[org.openqa.selenium.ElementClickInterceptedException: Element <span class="ng-scope"> is not clickable at point (1517,268) because another element <div class="md-dialog-container ng-scope"> obscures it
Build info: version: '4.1.0', revision: '87802e897b'
System info: host: 'DESKTOP-JD55J81', ip: '192.168.1.35', os.name: 'Windows 10', os.arch: 'amd64', os.version: '10.0', java.version: '15.0.2'
Driver info: org.openqa.selenium.firefox.FirefoxDriver
Command: [03cfb98c-5026-4265-9cf5-64976cfe2c3b, clickElement {id=a889fe34-ce11-4dab-9061-a02ae10c4362}]
Capabilities {acceptInsecureCerts: true, browserName: firefox, browserVersion: 101.0.1, javascriptEnabled: true, moz:accessibilityChecks: false, moz:buildID: 20220608170832, moz:debuggerAddress: localhost:56209, moz:geckodriverVersion: 0.31.0, moz:headless: false, moz:processID: 16728, moz:profile: C:\Users\ANSHUM~1\AppData\L..., moz:shutdownTimeout: 60000, moz:useNonSpecCompliantPointerOrigin: false, moz:webdriverClick: true, pageLoadStrategy: normal, platform: WINDOWS, platformName: WINDOWS, platformVersion: 10.0, proxy: Proxy(), se:cdp: ws://localhost:56209/devtoo..., se:cdpVersion: 85, setWindowRect: true, strictFileInteractability: false, timeouts: {implicit: 0, pageLoad: 300000, script: 30000}, unhandledPromptBehavior: dismiss and notify}
Element: [[FirefoxDriver: firefox on WINDOWS (03cfb98c-5026-4265-9cf5-64976cfe2c3b)] -> xpath: /html[1]/body[1]/div[1]/div[1]/div[2]/div[1]/div[1]/div[1]/div[2]/div[1]/table[1]/tbody[1]/tr[1]/td[7]/a[1]/span[1]]
Session ID: 03cfb98c-5026-4265-9cf5-64976cfe2c3b
at org.openqa.selenium.remote.codec.w3c.W3CHttpResponseCodec.createException(W3CHttpResponseCodec.java:200)
at org.openqa.selenium.remote.codec.w3c.W3CHttpResponseCodec.decode(W3CHttpResponseCodec.java:133)
at org.openqa.selenium.remote.codec.w3c.W3CHttpResponseCodec.decode(W3CHttpResponseCodec.java:53)
at org.openqa.selenium.remote.HttpCommandExecutor.execute(HttpCommandExecutor.java:184)
at org.openqa.selenium.remote.service.DriverCommandExecutor.invokeExecute(DriverCommandExecutor.java:164)
at org.openqa.selenium.remote.service.DriverCommandExecutor.execute(DriverCommandExecutor.java:139)
at org.openqa.selenium.remote.RemoteWebDriver.execute(RemoteWebDriver.java:559)
at org.openqa.selenium.remote.RemoteWebElement.execute(RemoteWebElement.java:251)
at org.openqa.selenium.remote.RemoteWebElement.click(RemoteWebElement.java:77)
at pages.DashBoard.viewProgressInGoalsBtn(DashBoard.java:529)
at testcases.DashboardTest.goalWiseInvestmentTest(DashboardTest.java:166)
at java.base/java.util.ArrayList.forEach(ArrayList.java:1511)
... Removed 32 stack frames]]>
    </failure>
  </testcase> <!-- goalWiseInvestmentTest -->
</testsuite> <!-- DashBorad Test -->
