<?xml version="1.0" encoding="UTF-8"?>
<!-- Generated by org.testng.reporters.JUnitXMLReporter -->
<testsuite ignored="0" hostname="DESKTOP-JD55J81" failures="2" tests="13" name="DashboardTest" time="600.975" errors="0" timestamp="2022-07-30T10:43:37 IST">
  <testcase classname="testcases.DashboardTest" name="allMemAndAllMFTest" time="51.493"/>
  <testcase classname="testcases.DashboardTest" name="allMemAndActiveMFTest" time="155.588"/>
  <testcase classname="testcases.DashboardTest" name="mfInvestmentDetails" time="43.155"/>
  <testcase classname="testcases.DashboardTest" name="ulipTest" time="19.635">
    <failure type="org.openqa.selenium.ElementClickInterceptedException" message="element click intercepted: Element &amp;lt;i class=&amp;quot;material-icons&amp;quot;&amp;gt;...&amp;lt;/i&amp;gt; is not clickable at point (1406, 645). Other element would receive the click: &amp;lt;button class=&amp;quot;md-button&amp;quot; ng-click=&amp;quot;menuAction($event,item,ctrl.investment,ctrl.parentInvestment,ctrl.basicid)&amp;quot; style=&amp;quot;margin:0;&amp;quot;&amp;gt;...&amp;lt;/button&amp;gt;
  (Session info: chrome=103.0.5060.114)
Build info: version: &amp;apos;4.1.0&amp;apos;, revision: &amp;apos;87802e897b&amp;apos;
System info: host: &amp;apos;DESKTOP-JD55J81&amp;apos;, ip: &amp;apos;172.24.128.1&amp;apos;, os.name: &amp;apos;Windows 10&amp;apos;, os.arch: &amp;apos;amd64&amp;apos;, os.version: &amp;apos;10.0&amp;apos;, java.version: &amp;apos;15.0.2&amp;apos;
Driver info: org.openqa.selenium.chrome.ChromeDriver
Command: [0c6d8305c765c851442d4d1efed74094, clickElement {id=187d5286-a61c-42b1-9d34-d6302441e57e}]
Capabilities {acceptInsecureCerts: false, browserName: chrome, browserVersion: 103.0.5060.114, chrome: {chromedriverVersion: 103.0.5060.134 (8ec6fce403b..., userDataDir: C:\Users\ANSHUM~1\AppData\L...}, goog:chromeOptions: {debuggerAddress: localhost:57264}, javascriptEnabled: true, networkConnectionEnabled: false, pageLoadStrategy: normal, platform: WINDOWS, platformName: WINDOWS, proxy: Proxy(), se:cdp: ws://localhost:57264/devtoo..., se:cdpVersion: 103.0.5060.114, setWindowRect: true, strictFileInteractability: false, timeouts: {implicit: 0, pageLoad: 300000, script: 30000}, unhandledPromptBehavior: dismiss and notify, webauthn:extension:credBlob: true, webauthn:extension:largeBlob: true, webauthn:virtualAuthenticators: true}
Element: [[ChromeDriver: chrome on WINDOWS (0c6d8305c765c851442d4d1efed74094)] -&amp;gt; xpath: /html[1]/body[1]/div[1]/div[1]/div[2]/div[1]/div[1]/div[1]/div[4]/div[1]/md-tabs[1]/md-tabs-content-wrapper[1]/md-tab-content[2]/div[1]/md-content[1]/table[1]/tbody[1]/tr[3]/td[1]/table[1]/tbody[1]/tr[1]/td[10]/a[1]/i[1]]
Session ID: 0c6d8305c765c851442d4d1efed74094">
      <![CDATA[org.openqa.selenium.ElementClickInterceptedException: element click intercepted: Element <i class="material-icons">...</i> is not clickable at point (1406, 645). Other element would receive the click: <button class="md-button" ng-click="menuAction($event,item,ctrl.investment,ctrl.parentInvestment,ctrl.basicid)" style="margin:0;">...</button>
  (Session info: chrome=103.0.5060.114)
Build info: version: '4.1.0', revision: '87802e897b'
System info: host: 'DESKTOP-JD55J81', ip: '172.24.128.1', os.name: 'Windows 10', os.arch: 'amd64', os.version: '10.0', java.version: '15.0.2'
Driver info: org.openqa.selenium.chrome.ChromeDriver
Command: [0c6d8305c765c851442d4d1efed74094, clickElement {id=187d5286-a61c-42b1-9d34-d6302441e57e}]
Capabilities {acceptInsecureCerts: false, browserName: chrome, browserVersion: 103.0.5060.114, chrome: {chromedriverVersion: 103.0.5060.134 (8ec6fce403b..., userDataDir: C:\Users\ANSHUM~1\AppData\L...}, goog:chromeOptions: {debuggerAddress: localhost:57264}, javascriptEnabled: true, networkConnectionEnabled: false, pageLoadStrategy: normal, platform: WINDOWS, platformName: WINDOWS, proxy: Proxy(), se:cdp: ws://localhost:57264/devtoo..., se:cdpVersion: 103.0.5060.114, setWindowRect: true, strictFileInteractability: false, timeouts: {implicit: 0, pageLoad: 300000, script: 30000}, unhandledPromptBehavior: dismiss and notify, webauthn:extension:credBlob: true, webauthn:extension:largeBlob: true, webauthn:virtualAuthenticators: true}
Element: [[ChromeDriver: chrome on WINDOWS (0c6d8305c765c851442d4d1efed74094)] -> xpath: /html[1]/body[1]/div[1]/div[1]/div[2]/div[1]/div[1]/div[1]/div[4]/div[1]/md-tabs[1]/md-tabs-content-wrapper[1]/md-tab-content[2]/div[1]/md-content[1]/table[1]/tbody[1]/tr[3]/td[1]/table[1]/tbody[1]/tr[1]/td[10]/a[1]/i[1]]
Session ID: 0c6d8305c765c851442d4d1efed74094
at org.openqa.selenium.remote.codec.w3c.W3CHttpResponseCodec.createException(W3CHttpResponseCodec.java:200)
at org.openqa.selenium.remote.codec.w3c.W3CHttpResponseCodec.decode(W3CHttpResponseCodec.java:133)
at org.openqa.selenium.remote.codec.w3c.W3CHttpResponseCodec.decode(W3CHttpResponseCodec.java:53)
at org.openqa.selenium.remote.HttpCommandExecutor.execute(HttpCommandExecutor.java:184)
at org.openqa.selenium.remote.service.DriverCommandExecutor.invokeExecute(DriverCommandExecutor.java:164)
at org.openqa.selenium.remote.service.DriverCommandExecutor.execute(DriverCommandExecutor.java:139)
at org.openqa.selenium.remote.RemoteWebDriver.execute(RemoteWebDriver.java:559)
at org.openqa.selenium.remote.RemoteWebElement.execute(RemoteWebElement.java:251)
at org.openqa.selenium.remote.RemoteWebElement.click(RemoteWebElement.java:77)
at pages.DashBoard.ulip(DashBoard.java:390)
at testcases.DashboardTest.ulipTest(DashboardTest.java:70)
at java.base/java.util.ArrayList.forEach(ArrayList.java:1511)
... Removed 32 stack frames]]>
    </failure>
  </testcase> <!-- ulipTest -->
  <testcase classname="testcases.DashboardTest" name="otherInsuranceTest" time="10.035"/>
  <testcase classname="testcases.DashboardTest" name="liquiloanTest" time="16.927"/>
  <testcase classname="testcases.DashboardTest" name="pmsTest" time="14.323"/>
  <testcase classname="testcases.DashboardTest" name="protectionTest" time="25.692"/>
  <testcase classname="testcases.DashboardTest" name="memberwiseMFTest" time="168.521"/>
  <testcase classname="testcases.DashboardTest" name="memberUlipTest" time="21.898"/>
  <testcase classname="testcases.DashboardTest" name="memberOtherInsuranceTest" time="12.213"/>
  <testcase classname="testcases.DashboardTest" name="memberProtectionTest" time="25.92"/>
  <testcase classname="testcases.DashboardTest" name="goalWiseInvestmentTest" time="34.816">
    <failure type="org.openqa.selenium.ElementClickInterceptedException" message="element click intercepted: Element &amp;lt;span class=&amp;quot;ng-binding ng-scope&amp;quot;&amp;gt;...&amp;lt;/span&amp;gt; is not clickable at point (824, 395). Other element would receive the click: &amp;lt;div class=&amp;quot;md-dialog-container ng-scope&amp;quot; tabindex=&amp;quot;-1&amp;quot; style=&amp;quot;top: 54.6296px; height: 683px;&amp;quot;&amp;gt;...&amp;lt;/div&amp;gt;
  (Session info: chrome=103.0.5060.114)
Build info: version: &amp;apos;4.1.0&amp;apos;, revision: &amp;apos;87802e897b&amp;apos;
System info: host: &amp;apos;DESKTOP-JD55J81&amp;apos;, ip: &amp;apos;172.24.128.1&amp;apos;, os.name: &amp;apos;Windows 10&amp;apos;, os.arch: &amp;apos;amd64&amp;apos;, os.version: &amp;apos;10.0&amp;apos;, java.version: &amp;apos;15.0.2&amp;apos;
Driver info: org.openqa.selenium.chrome.ChromeDriver
Command: [0c6d8305c765c851442d4d1efed74094, clickElement {id=64d1560a-4374-46bd-894d-c3fa872c494c}]
Capabilities {acceptInsecureCerts: false, browserName: chrome, browserVersion: 103.0.5060.114, chrome: {chromedriverVersion: 103.0.5060.134 (8ec6fce403b..., userDataDir: C:\Users\ANSHUM~1\AppData\L...}, goog:chromeOptions: {debuggerAddress: localhost:57264}, javascriptEnabled: true, networkConnectionEnabled: false, pageLoadStrategy: normal, platform: WINDOWS, platformName: WINDOWS, proxy: Proxy(), se:cdp: ws://localhost:57264/devtoo..., se:cdpVersion: 103.0.5060.114, setWindowRect: true, strictFileInteractability: false, timeouts: {implicit: 0, pageLoad: 300000, script: 30000}, unhandledPromptBehavior: dismiss and notify, webauthn:extension:credBlob: true, webauthn:extension:largeBlob: true, webauthn:virtualAuthenticators: true}
Element: [[ChromeDriver: chrome on WINDOWS (0c6d8305c765c851442d4d1efed74094)] -&amp;gt; xpath: /html[1]/body[1]/div[1]/div[1]/div[2]/div[1]/div[1]/div[1]/div[1]/div[3]/md-tabs[1]/md-tabs-wrapper[1]/md-tabs-canvas[1]/md-pagination-wrapper[1]/md-tab-item[5]/span[1]]
Session ID: 0c6d8305c765c851442d4d1efed74094">
      <![CDATA[org.openqa.selenium.ElementClickInterceptedException: element click intercepted: Element <span class="ng-binding ng-scope">...</span> is not clickable at point (824, 395). Other element would receive the click: <div class="md-dialog-container ng-scope" tabindex="-1" style="top: 54.6296px; height: 683px;">...</div>
  (Session info: chrome=103.0.5060.114)
Build info: version: '4.1.0', revision: '87802e897b'
System info: host: 'DESKTOP-JD55J81', ip: '172.24.128.1', os.name: 'Windows 10', os.arch: 'amd64', os.version: '10.0', java.version: '15.0.2'
Driver info: org.openqa.selenium.chrome.ChromeDriver
Command: [0c6d8305c765c851442d4d1efed74094, clickElement {id=64d1560a-4374-46bd-894d-c3fa872c494c}]
Capabilities {acceptInsecureCerts: false, browserName: chrome, browserVersion: 103.0.5060.114, chrome: {chromedriverVersion: 103.0.5060.134 (8ec6fce403b..., userDataDir: C:\Users\ANSHUM~1\AppData\L...}, goog:chromeOptions: {debuggerAddress: localhost:57264}, javascriptEnabled: true, networkConnectionEnabled: false, pageLoadStrategy: normal, platform: WINDOWS, platformName: WINDOWS, proxy: Proxy(), se:cdp: ws://localhost:57264/devtoo..., se:cdpVersion: 103.0.5060.114, setWindowRect: true, strictFileInteractability: false, timeouts: {implicit: 0, pageLoad: 300000, script: 30000}, unhandledPromptBehavior: dismiss and notify, webauthn:extension:credBlob: true, webauthn:extension:largeBlob: true, webauthn:virtualAuthenticators: true}
Element: [[ChromeDriver: chrome on WINDOWS (0c6d8305c765c851442d4d1efed74094)] -> xpath: /html[1]/body[1]/div[1]/div[1]/div[2]/div[1]/div[1]/div[1]/div[1]/div[3]/md-tabs[1]/md-tabs-wrapper[1]/md-tabs-canvas[1]/md-pagination-wrapper[1]/md-tab-item[5]/span[1]]
Session ID: 0c6d8305c765c851442d4d1efed74094
at org.openqa.selenium.remote.codec.w3c.W3CHttpResponseCodec.createException(W3CHttpResponseCodec.java:200)
at org.openqa.selenium.remote.codec.w3c.W3CHttpResponseCodec.decode(W3CHttpResponseCodec.java:133)
at org.openqa.selenium.remote.codec.w3c.W3CHttpResponseCodec.decode(W3CHttpResponseCodec.java:53)
at org.openqa.selenium.remote.HttpCommandExecutor.execute(HttpCommandExecutor.java:184)
at org.openqa.selenium.remote.service.DriverCommandExecutor.invokeExecute(DriverCommandExecutor.java:164)
at org.openqa.selenium.remote.service.DriverCommandExecutor.execute(DriverCommandExecutor.java:139)
at org.openqa.selenium.remote.RemoteWebDriver.execute(RemoteWebDriver.java:559)
at org.openqa.selenium.remote.RemoteWebElement.execute(RemoteWebElement.java:251)
at org.openqa.selenium.remote.RemoteWebElement.click(RemoteWebElement.java:77)
at pages.DashBoard.goalwisePMS(DashBoard.java:566)
at testcases.DashboardTest.goalWiseInvestmentTest(DashboardTest.java:172)
at java.base/java.util.ArrayList.forEach(ArrayList.java:1511)
... Removed 32 stack frames]]>
    </failure>
  </testcase> <!-- goalWiseInvestmentTest -->
</testsuite> <!-- DashboardTest -->
