<?xml version="1.0" encoding="UTF-8"?>
<!-- Generated by org.testng.reporters.JUnitXMLReporter -->
<testsuite hostname="ANSHUMANLAPTOOP" ignored="0" name="Goal Test" tests="3" failures="0" timestamp="31 Aug 2020 07:46:49 GMT" time="555.655" errors="0">
  <testcase name="kyctest" time="353.36" classname="testcases.NewUserWithOutKYC"/>
  <testcase name="goaltest" time="109.365" classname="testcases.NewUserWithOutKYC"/>
  <testcase name="quickSIPtest" time="92.877" classname="testcases.NewUserWithOutKYC"/>
</testsuite> <!-- Goal Test -->
