<?xml version="1.0" encoding="UTF-8"?>
<!-- Generated by org.testng.reporters.JUnitXMLReporter -->
<testsuite ignored="1" hostname="DESKTOP-JD55J81" failures="2" tests="2" name="KYC Test" time="3.109" errors="0" timestamp="2021-09-20T15:52:32 IST">
  <testcase classname="testcases.KYCtest" name="websiteRegistarion" time="3.023">
    <failure type="java.lang.NullPointerException" message="Cannot invoke &amp;quot;org.openqa.selenium.WebDriver.findElement(org.openqa.selenium.By)&amp;quot; because &amp;quot;pages.LoginRegister.driver&amp;quot; is null">
      <![CDATA[java.lang.NullPointerException: Cannot invoke "org.openqa.selenium.WebDriver.findElement(org.openqa.selenium.By)" because "pages.LoginRegister.driver" is null
at pages.LoginRegister.websiteRegistarion(LoginRegister.java:76)
at testcases.KYCtest.websiteRegistarion(KYCtest.java:27)
at java.base/java.util.ArrayList.forEach(ArrayList.java:1511)
... Removed 27 stack frames]]>
    </failure>
  </testcase> <!-- websiteRegistarion -->
  <testcase classname="testcases.KYCtest" name="websiteRegistarion" time="3.08">
    <failure type="java.lang.NullPointerException" message="Cannot invoke &amp;quot;org.openqa.selenium.TakesScreenshot.getScreenshotAs(org.openqa.selenium.OutputType)&amp;quot; because &amp;quot;utilities.ScreenshotUtil.driver&amp;quot; is null">
      <![CDATA[java.lang.NullPointerException: Cannot invoke "org.openqa.selenium.TakesScreenshot.getScreenshotAs(org.openqa.selenium.OutputType)" because "utilities.ScreenshotUtil.driver" is null
at utilities.ScreenshotUtil.captureScreenshot(ScreenshotUtil.java:26)
at listeners.CustomListeners.onTestFailure(CustomListeners.java:28)
at java.base/java.util.ArrayList.forEach(ArrayList.java:1511)
... Removed 24 stack frames]]>
    </failure>
  </testcase> <!-- websiteRegistarion -->
  <testcase classname="testcases.KYCtest" name="allreadyKyc" time="0.0">
    <ignored/>
  </testcase> <!-- allreadyKyc -->
</testsuite> <!-- KYC Test -->
