<?xml version="1.0" encoding="UTF-8"?>
<!-- Generated by org.testng.reporters.JUnitXMLReporter -->
<testsuite ignored="0" hostname="DESKTOP-JD55J81" failures="2" tests="3" name="NewUserTesting" time="377.466" errors="0" timestamp="2022-07-30T10:32:21 IST">
  <testcase classname="testcases.NewUserWithKYC" name="goalAddtocartTest" time="234.153"/>
  <testcase classname="testcases.NewUserWithKYC" name="sipAddtocartTest" time="53.351">
    <failure type="org.openqa.selenium.ElementClickInterceptedException" message="element click intercepted: Element &amp;lt;h4 class=&amp;quot;card-title&amp;quot; style=&amp;quot;text-decoration:none; color:#fff&amp;quot;&amp;gt;...&amp;lt;/h4&amp;gt; is not clickable at point (750, 388). Other element would receive the click: &amp;lt;span style=&amp;quot;font-size:1.1em; margin-top:-10px;&amp;quot;&amp;gt;...&amp;lt;/span&amp;gt;
  (Session info: chrome=103.0.5060.114)
Build info: version: &amp;apos;4.1.0&amp;apos;, revision: &amp;apos;87802e897b&amp;apos;
System info: host: &amp;apos;DESKTOP-JD55J81&amp;apos;, ip: &amp;apos;172.24.128.1&amp;apos;, os.name: &amp;apos;Windows 10&amp;apos;, os.arch: &amp;apos;amd64&amp;apos;, os.version: &amp;apos;10.0&amp;apos;, java.version: &amp;apos;15.0.2&amp;apos;
Driver info: org.openqa.selenium.chrome.ChromeDriver
Command: [0c6d8305c765c851442d4d1efed74094, clickElement {id=729b06c0-e2d0-497c-bc23-439261983bee}]
Capabilities {acceptInsecureCerts: false, browserName: chrome, browserVersion: 103.0.5060.114, chrome: {chromedriverVersion: 103.0.5060.134 (8ec6fce403b..., userDataDir: C:\Users\ANSHUM~1\AppData\L...}, goog:chromeOptions: {debuggerAddress: localhost:57264}, javascriptEnabled: true, networkConnectionEnabled: false, pageLoadStrategy: normal, platform: WINDOWS, platformName: WINDOWS, proxy: Proxy(), se:cdp: ws://localhost:57264/devtoo..., se:cdpVersion: 103.0.5060.114, setWindowRect: true, strictFileInteractability: false, timeouts: {implicit: 0, pageLoad: 300000, script: 30000}, unhandledPromptBehavior: dismiss and notify, webauthn:extension:credBlob: true, webauthn:extension:largeBlob: true, webauthn:virtualAuthenticators: true}
Element: [[ChromeDriver: chrome on WINDOWS (0c6d8305c765c851442d4d1efed74094)] -&amp;gt; xpath: /html[1]/body[1]/div[1]/div[1]/div[2]/div[1]/div[1]/div[1]/div[1]/div[1]/div[1]/div[5]/div[2]/a[1]/h4[1]]
Session ID: 0c6d8305c765c851442d4d1efed74094">
      <![CDATA[org.openqa.selenium.ElementClickInterceptedException: element click intercepted: Element <h4 class="card-title" style="text-decoration:none; color:#fff">...</h4> is not clickable at point (750, 388). Other element would receive the click: <span style="font-size:1.1em; margin-top:-10px;">...</span>
  (Session info: chrome=103.0.5060.114)
Build info: version: '4.1.0', revision: '87802e897b'
System info: host: 'DESKTOP-JD55J81', ip: '172.24.128.1', os.name: 'Windows 10', os.arch: 'amd64', os.version: '10.0', java.version: '15.0.2'
Driver info: org.openqa.selenium.chrome.ChromeDriver
Command: [0c6d8305c765c851442d4d1efed74094, clickElement {id=729b06c0-e2d0-497c-bc23-439261983bee}]
Capabilities {acceptInsecureCerts: false, browserName: chrome, browserVersion: 103.0.5060.114, chrome: {chromedriverVersion: 103.0.5060.134 (8ec6fce403b..., userDataDir: C:\Users\ANSHUM~1\AppData\L...}, goog:chromeOptions: {debuggerAddress: localhost:57264}, javascriptEnabled: true, networkConnectionEnabled: false, pageLoadStrategy: normal, platform: WINDOWS, platformName: WINDOWS, proxy: Proxy(), se:cdp: ws://localhost:57264/devtoo..., se:cdpVersion: 103.0.5060.114, setWindowRect: true, strictFileInteractability: false, timeouts: {implicit: 0, pageLoad: 300000, script: 30000}, unhandledPromptBehavior: dismiss and notify, webauthn:extension:credBlob: true, webauthn:extension:largeBlob: true, webauthn:virtualAuthenticators: true}
Element: [[ChromeDriver: chrome on WINDOWS (0c6d8305c765c851442d4d1efed74094)] -> xpath: /html[1]/body[1]/div[1]/div[1]/div[2]/div[1]/div[1]/div[1]/div[1]/div[1]/div[1]/div[5]/div[2]/a[1]/h4[1]]
Session ID: 0c6d8305c765c851442d4d1efed74094
at org.openqa.selenium.remote.codec.w3c.W3CHttpResponseCodec.createException(W3CHttpResponseCodec.java:200)
at org.openqa.selenium.remote.codec.w3c.W3CHttpResponseCodec.decode(W3CHttpResponseCodec.java:133)
at org.openqa.selenium.remote.codec.w3c.W3CHttpResponseCodec.decode(W3CHttpResponseCodec.java:53)
at org.openqa.selenium.remote.HttpCommandExecutor.execute(HttpCommandExecutor.java:184)
at org.openqa.selenium.remote.service.DriverCommandExecutor.invokeExecute(DriverCommandExecutor.java:164)
at org.openqa.selenium.remote.service.DriverCommandExecutor.execute(DriverCommandExecutor.java:139)
at org.openqa.selenium.remote.RemoteWebDriver.execute(RemoteWebDriver.java:559)
at org.openqa.selenium.remote.RemoteWebElement.execute(RemoteWebElement.java:251)
at org.openqa.selenium.remote.RemoteWebElement.click(RemoteWebElement.java:77)
at pages.SIPaddCart.sipInvestBtn(SIPaddCart.java:13)
at testcases.NewUserWithKYC.sipAddtocartTest(NewUserWithKYC.java:70)
at java.base/java.util.ArrayList.forEach(ArrayList.java:1511)
... Removed 32 stack frames]]>
    </failure>
  </testcase> <!-- sipAddtocartTest -->
  <testcase classname="testcases.NewUserWithKYC" name="taxPlanningaddtoCart" time="89.089">
    <failure type="org.openqa.selenium.StaleElementReferenceException" message="stale element reference: element is not attached to the page document
  (Session info: chrome=103.0.5060.114)
For documentation on this error, please visit: https://selenium.dev/exceptions/#stale_element_reference
Build info: version: &amp;apos;4.1.0&amp;apos;, revision: &amp;apos;87802e897b&amp;apos;
System info: host: &amp;apos;DESKTOP-JD55J81&amp;apos;, ip: &amp;apos;172.24.128.1&amp;apos;, os.name: &amp;apos;Windows 10&amp;apos;, os.arch: &amp;apos;amd64&amp;apos;, os.version: &amp;apos;10.0&amp;apos;, java.version: &amp;apos;15.0.2&amp;apos;
Driver info: org.openqa.selenium.chrome.ChromeDriver
Command: [0c6d8305c765c851442d4d1efed74094, clickElement {id=f0382752-3ef8-43ba-ad22-5094d2eb1871}]
Capabilities {acceptInsecureCerts: false, browserName: chrome, browserVersion: 103.0.5060.114, chrome: {chromedriverVersion: 103.0.5060.134 (8ec6fce403b..., userDataDir: C:\Users\ANSHUM~1\AppData\L...}, goog:chromeOptions: {debuggerAddress: localhost:57264}, javascriptEnabled: true, networkConnectionEnabled: false, pageLoadStrategy: normal, platform: WINDOWS, platformName: WINDOWS, proxy: Proxy(), se:cdp: ws://localhost:57264/devtoo..., se:cdpVersion: 103.0.5060.114, setWindowRect: true, strictFileInteractability: false, timeouts: {implicit: 0, pageLoad: 300000, script: 30000}, unhandledPromptBehavior: dismiss and notify, webauthn:extension:credBlob: true, webauthn:extension:largeBlob: true, webauthn:virtualAuthenticators: true}
Element: [[ChromeDriver: chrome on WINDOWS (0c6d8305c765c851442d4d1efed74094)] -&amp;gt; xpath: //button[contains(@class,&amp;apos;swal-button swal-button--confirm&amp;apos;)]]
Session ID: 0c6d8305c765c851442d4d1efed74094">
      <![CDATA[org.openqa.selenium.StaleElementReferenceException: stale element reference: element is not attached to the page document
  (Session info: chrome=103.0.5060.114)
For documentation on this error, please visit: https://selenium.dev/exceptions/#stale_element_reference
Build info: version: '4.1.0', revision: '87802e897b'
System info: host: 'DESKTOP-JD55J81', ip: '172.24.128.1', os.name: 'Windows 10', os.arch: 'amd64', os.version: '10.0', java.version: '15.0.2'
Driver info: org.openqa.selenium.chrome.ChromeDriver
Command: [0c6d8305c765c851442d4d1efed74094, clickElement {id=f0382752-3ef8-43ba-ad22-5094d2eb1871}]
Capabilities {acceptInsecureCerts: false, browserName: chrome, browserVersion: 103.0.5060.114, chrome: {chromedriverVersion: 103.0.5060.134 (8ec6fce403b..., userDataDir: C:\Users\ANSHUM~1\AppData\L...}, goog:chromeOptions: {debuggerAddress: localhost:57264}, javascriptEnabled: true, networkConnectionEnabled: false, pageLoadStrategy: normal, platform: WINDOWS, platformName: WINDOWS, proxy: Proxy(), se:cdp: ws://localhost:57264/devtoo..., se:cdpVersion: 103.0.5060.114, setWindowRect: true, strictFileInteractability: false, timeouts: {implicit: 0, pageLoad: 300000, script: 30000}, unhandledPromptBehavior: dismiss and notify, webauthn:extension:credBlob: true, webauthn:extension:largeBlob: true, webauthn:virtualAuthenticators: true}
Element: [[ChromeDriver: chrome on WINDOWS (0c6d8305c765c851442d4d1efed74094)] -> xpath: //button[contains(@class,'swal-button swal-button--confirm')]]
Session ID: 0c6d8305c765c851442d4d1efed74094
at org.openqa.selenium.remote.codec.w3c.W3CHttpResponseCodec.createException(W3CHttpResponseCodec.java:200)
at org.openqa.selenium.remote.codec.w3c.W3CHttpResponseCodec.decode(W3CHttpResponseCodec.java:133)
at org.openqa.selenium.remote.codec.w3c.W3CHttpResponseCodec.decode(W3CHttpResponseCodec.java:53)
at org.openqa.selenium.remote.HttpCommandExecutor.execute(HttpCommandExecutor.java:184)
at org.openqa.selenium.remote.service.DriverCommandExecutor.invokeExecute(DriverCommandExecutor.java:164)
at org.openqa.selenium.remote.service.DriverCommandExecutor.execute(DriverCommandExecutor.java:139)
at org.openqa.selenium.remote.RemoteWebDriver.execute(RemoteWebDriver.java:559)
at org.openqa.selenium.remote.RemoteWebElement.execute(RemoteWebElement.java:251)
at org.openqa.selenium.remote.RemoteWebElement.click(RemoteWebElement.java:77)
at pages.TaxPlanning.removeTaxPlanning(TaxPlanning.java:54)
at testcases.NewUserWithKYC.taxPlanningaddtoCart(NewUserWithKYC.java:96)
at java.base/java.util.ArrayList.forEach(ArrayList.java:1511)
... Removed 32 stack frames]]>
    </failure>
  </testcase> <!-- taxPlanningaddtoCart -->
</testsuite> <!-- NewUserTesting -->
