<?xml version="1.0" encoding="UTF-8"?>
<testng-results ignored="0" total="2" passed="1" failed="1" skipped="0">
  <reporter-output>
    <line>
      <![CDATA[WebSite Registarion Done Successfully]]>
    </line>
  </reporter-output>
  <suite started-at="2021-09-21T16:32:21 IST" name="Default suite" finished-at="2021-09-21T16:32:55 IST" duration-ms="34097">
    <groups>
      <group name="high">
        <method signature="KYCtest.websiteRegistarion(java.lang.String,java.lang.String,java.lang.String,java.lang.String)[pri:1, instance:testcases.KYCtest@85e6769]" name="websiteRegistarion" class="testcases.KYCtest"/>
      </group> <!-- high -->
    </groups>
    <test started-at="2021-09-21T16:32:21 IST" name="Default test" finished-at="2021-09-21T16:32:55 IST" duration-ms="34097">
      <class name="testcases.KYCtest">
        <test-method is-config="true" signature="setUp()[pri:0, instance:testcases.KYCtest@85e6769]" started-at="2021-09-21T16:32:14 IST" name="setUp" finished-at="2021-09-21T16:32:21 IST" duration-ms="6593" status="PASS">
          <reporter-output>
          </reporter-output>
        </test-method> <!-- setUp -->
        <test-method signature="websiteRegistarion(java.lang.String,java.lang.String,java.lang.String,java.lang.String)[pri:1, instance:testcases.KYCtest@85e6769]" started-at="2021-09-21T16:32:21 IST" name="websiteRegistarion" data-provider="dp" finished-at="2021-09-21T16:32:33 IST" duration-ms="12098" status="PASS">
          <params>
            <param index="0">
              <value>
                <![CDATA[testweb20sep216@gmail.com]]>
              </value>
            </param>
            <param index="1">
              <value>
                <![CDATA[Anhsuman Singh]]>
              </value>
            </param>
            <param index="2">
              <value>
                <![CDATA[8368264851]]>
              </value>
            </param>
            <param index="3">
              <value>
                <![CDATA[12345678]]>
              </value>
            </param>
          </params>
          <reporter-output>
            <line>
              <![CDATA[WebSite Registarion Done Successfully]]>
            </line>
          </reporter-output>
        </test-method> <!-- websiteRegistarion -->
        <test-method signature="allreadyKyc(java.lang.String)[pri:2, instance:testcases.KYCtest@85e6769]" started-at="2021-09-21T16:32:33 IST" name="allreadyKyc" data-provider="dp" finished-at="2021-09-21T16:32:55 IST" duration-ms="21859" status="FAIL">
          <params>
            <param index="0">
              <value>
                <![CDATA[TEEPT4368K]]>
              </value>
            </param>
          </params>
          <exception class="org.openqa.selenium.NoSuchElementException">
            <message>
              <![CDATA[Cannot locate an element using xpath=//div[contains(@class,'col-md-4')]//div[5]//div[2]//a[1]//img[1]
For documentation on this error, please visit: https://www.seleniumhq.org/exceptions/no_such_element.html
Build info: version: '3.141.59', revision: 'e82be7d358', time: '2018-11-14T08:17:03'
System info: host: 'DESKTOP-JD55J81', ip: '192.168.1.6', os.name: 'Windows 10', os.arch: 'amd64', os.version: '10.0', java.version: '15.0.2'
Driver info: driver.version: RemoteWebDriver]]>
            </message>
            <full-stacktrace>
              <![CDATA[org.openqa.selenium.NoSuchElementException: Cannot locate an element using xpath=//div[contains(@class,'col-md-4')]//div[5]//div[2]//a[1]//img[1]
For documentation on this error, please visit: https://www.seleniumhq.org/exceptions/no_such_element.html
Build info: version: '3.141.59', revision: 'e82be7d358', time: '2018-11-14T08:17:03'
System info: host: 'DESKTOP-JD55J81', ip: '192.168.1.6', os.name: 'Windows 10', os.arch: 'amd64', os.version: '10.0', java.version: '15.0.2'
Driver info: driver.version: RemoteWebDriver
at org.openqa.selenium.remote.RemoteWebDriver.findElement(RemoteWebDriver.java:327)
at org.openqa.selenium.remote.RemoteWebDriver.findElementByXPath(RemoteWebDriver.java:428)
at org.openqa.selenium.By$ByXPath.findElement(By.java:353)
at org.openqa.selenium.remote.RemoteWebDriver.findElement(RemoteWebDriver.java:315)
at pages.KYCandKAF.allreadyKyc(KYCandKAF.java:27)
at testcases.KYCtest.allreadyKyc(KYCtest.java:35)
at java.base/jdk.internal.reflect.NativeMethodAccessorImpl.invoke0(Native Method)
at java.base/jdk.internal.reflect.NativeMethodAccessorImpl.invoke(NativeMethodAccessorImpl.java:64)
at java.base/jdk.internal.reflect.DelegatingMethodAccessorImpl.invoke(DelegatingMethodAccessorImpl.java:43)
at java.base/java.lang.reflect.Method.invoke(Method.java:564)
at org.testng.internal.MethodInvocationHelper.invokeMethod(MethodInvocationHelper.java:133)
at org.testng.internal.TestInvoker.invokeMethod(TestInvoker.java:598)
at org.testng.internal.TestInvoker.invokeTestMethod(TestInvoker.java:173)
at org.testng.internal.MethodRunner.runInSequence(MethodRunner.java:46)
at org.testng.internal.TestInvoker$MethodInvocationAgent.invoke(TestInvoker.java:824)
at org.testng.internal.TestInvoker.invokeTestMethods(TestInvoker.java:146)
at org.testng.internal.TestMethodWorker.invokeTestMethods(TestMethodWorker.java:146)
at org.testng.internal.TestMethodWorker.run(TestMethodWorker.java:128)
at java.base/java.util.ArrayList.forEach(ArrayList.java:1511)
at org.testng.TestRunner.privateRun(TestRunner.java:794)
at org.testng.TestRunner.run(TestRunner.java:596)
at org.testng.SuiteRunner.runTest(SuiteRunner.java:377)
at org.testng.SuiteRunner.runSequentially(SuiteRunner.java:371)
at org.testng.SuiteRunner.privateRun(SuiteRunner.java:332)
at org.testng.SuiteRunner.run(SuiteRunner.java:276)
at org.testng.SuiteRunnerWorker.runSuite(SuiteRunnerWorker.java:53)
at org.testng.SuiteRunnerWorker.run(SuiteRunnerWorker.java:96)
at org.testng.TestNG.runSuitesSequentially(TestNG.java:1212)
at org.testng.TestNG.runSuitesLocally(TestNG.java:1134)
at org.testng.TestNG.runSuites(TestNG.java:1063)
at org.testng.TestNG.run(TestNG.java:1031)
at org.testng.remote.AbstractRemoteTestNG.run(AbstractRemoteTestNG.java:115)
at org.testng.remote.RemoteTestNG.initAndRun(RemoteTestNG.java:251)
at org.testng.remote.RemoteTestNG.main(RemoteTestNG.java:77)
]]>
            </full-stacktrace>
          </exception> <!-- org.openqa.selenium.NoSuchElementException -->
          <reporter-output>
          </reporter-output>
        </test-method> <!-- allreadyKyc -->
      </class> <!-- testcases.KYCtest -->
    </test> <!-- Default test -->
  </suite> <!-- Default suite -->
</testng-results>
